<?xml version="1.0" encoding="UTF-8"?>
<!-- Generated by org.testng.reporters.JUnitXMLReporter -->
<testsuite hostname="Air-Vitalij" ignored="0" name="TemplateTest" tests="44" failures="0" timestamp="2022-02-15T03:20:47 VLAT" time="0.016" errors="0">
  <testcase name="create" time="0.0" classname="com.github.viise.zhurnal.tml.TmlBasicTest"/>
  <testcase name="create_null" time="0.0" classname="com.github.viise.zhurnal.tml.TmlBasicTest"/>
  <testcase name="create" time="0.0" classname="com.github.viise.zhurnal.tml.TmlChildTest"/>
  <testcase name="create_nullName" time="0.0" classname="com.github.viise.zhurnal.tml.TmlChildTest"/>
  <testcase name="create_nullValue" time="0.0" classname="com.github.viise.zhurnal.tml.TmlChildTest"/>
  <testcase name="create" time="0.0" classname="com.github.viise.zhurnal.tml.TmlClassTest"/>
  <testcase name="create_nullClass" time="0.0" classname="com.github.viise.zhurnal.tml.TmlClassTest"/>
  <testcase name="create_simpleName" time="0.0" classname="com.github.viise.zhurnal.tml.TmlClassTest"/>
  <testcase name="create" time="0.0" classname="com.github.viise.zhurnal.tml.TmlDateTimeTest"/>
  <testcase name="create_customDateTime" time="0.0" classname="com.github.viise.zhurnal.tml.TmlDateTimeTest"/>
  <testcase name="create_customPattern" time="0.0" classname="com.github.viise.zhurnal.tml.TmlDateTimeTest"/>
  <testcase name="create_customPattern_2" time="0.0" classname="com.github.viise.zhurnal.tml.TmlDateTimeTest"/>
  <testcase name="create_nullDateTime" time="0.0" classname="com.github.viise.zhurnal.tml.TmlDateTimeTest"/>
  <testcase name="create" time="0.001" classname="com.github.viise.zhurnal.tml.TmlDebugTest"/>
  <testcase name="create" time="0.0" classname="com.github.viise.zhurnal.tml.TmlDurationTest"/>
  <testcase name="create_customUnit" time="0.0" classname="com.github.viise.zhurnal.tml.TmlDurationTest"/>
  <testcase name="create_nullDuration" time="0.001" classname="com.github.viise.zhurnal.tml.TmlDurationTest"/>
  <testcase name="create_nullUnit" time="0.0" classname="com.github.viise.zhurnal.tml.TmlDurationTest"/>
  <testcase name="create" time="0.0" classname="com.github.viise.zhurnal.tml.TmlErrorTest"/>
  <testcase name="create" time="0.0" classname="com.github.viise.zhurnal.tml.TmlHttpTest"/>
  <testcase name="create_nullEndpoint" time="0.0" classname="com.github.viise.zhurnal.tml.TmlHttpTest"/>
  <testcase name="create_nullMethod" time="0.0" classname="com.github.viise.zhurnal.tml.TmlHttpTest"/>
  <testcase name="create_nullStatus" time="0.0" classname="com.github.viise.zhurnal.tml.TmlHttpTest"/>
  <testcase name="create" time="0.0" classname="com.github.viise.zhurnal.tml.TmlInfoTest"/>
  <testcase name="create" time="0.0" classname="com.github.viise.zhurnal.tml.TmlMsgTest"/>
  <testcase name="create_list" time="0.001" classname="com.github.viise.zhurnal.tml.TmlMsgTest"/>
  <testcase name="create_nullMsg" time="0.0" classname="com.github.viise.zhurnal.tml.TmlMsgTest"/>
  <testcase name="create_nullParams" time="0.0" classname="com.github.viise.zhurnal.tml.TmlMsgTest"/>
  <testcase name="create_tooManyParams" time="0.0" classname="com.github.viise.zhurnal.tml.TmlMsgTest"/>
  <testcase name="create_tooManyTemplates" time="0.0" classname="com.github.viise.zhurnal.tml.TmlMsgTest"/>
  <testcase name="create_withoutParams" time="0.0" classname="com.github.viise.zhurnal.tml.TmlMsgTest"/>
  <testcase name="create" time="0.0" classname="com.github.viise.zhurnal.tml.TmlRootTest"/>
  <testcase name="create_list" time="0.0" classname="com.github.viise.zhurnal.tml.TmlRootTest"/>
  <testcase name="create_nullName" time="0.0" classname="com.github.viise.zhurnal.tml.TmlRootTest"/>
  <testcase name="create_nullParams" time="0.001" classname="com.github.viise.zhurnal.tml.TmlRootTest"/>
  <testcase name="create_withoutChildren" time="0.0" classname="com.github.viise.zhurnal.tml.TmlRootTest"/>
  <testcase name="create" time="0.0" classname="com.github.viise.zhurnal.tml.TmlSqlTest"/>
  <testcase name="create_allNull" time="0.0" classname="com.github.viise.zhurnal.tml.TmlSqlTest"/>
  <testcase name="create_fromException" time="0.001" classname="com.github.viise.zhurnal.tml.TmlSqlTest"/>
  <testcase name="create" time="0.001" classname="com.github.viise.zhurnal.tml.TmlThreadTest"/>
  <testcase name="create_nullThread" time="0.0" classname="com.github.viise.zhurnal.tml.TmlThreadTest"/>
  <testcase name="create_thread" time="0.0" classname="com.github.viise.zhurnal.tml.TmlThreadTest"/>
  <testcase name="create" time="0.0" classname="com.github.viise.zhurnal.tml.TmlTraceTest"/>
  <testcase name="create" time="0.0" classname="com.github.viise.zhurnal.tml.TmlWarnTest"/>
</testsuite> <!-- TemplateTest -->
