<?xml version="1.0" encoding="UTF-8"?>
<!-- Generated by org.testng.reporters.JUnitXMLReporter -->
<testsuite hostname="Air-Vitalij" ignored="0" name="LogTest" tests="145" failures="0" timestamp="2022-02-15T03:20:47 VLAT" time="0.127" errors="0">
  <testcase name="print_ctor_1" time="0.017" classname="com.github.viise.zhurnal.lg.LgBasicTest"/>
  <testcase name="print_ctor_10" time="0.0" classname="com.github.viise.zhurnal.lg.LgBasicTest"/>
  <testcase name="print_ctor_11" time="0.0" classname="com.github.viise.zhurnal.lg.LgBasicTest"/>
  <testcase name="print_ctor_12" time="0.001" classname="com.github.viise.zhurnal.lg.LgBasicTest"/>
  <testcase name="print_ctor_13" time="0.0" classname="com.github.viise.zhurnal.lg.LgBasicTest"/>
  <testcase name="print_ctor_14" time="0.0" classname="com.github.viise.zhurnal.lg.LgBasicTest"/>
  <testcase name="print_ctor_15" time="0.001" classname="com.github.viise.zhurnal.lg.LgBasicTest"/>
  <testcase name="print_ctor_16" time="0.001" classname="com.github.viise.zhurnal.lg.LgBasicTest"/>
  <testcase name="print_ctor_17" time="0.001" classname="com.github.viise.zhurnal.lg.LgBasicTest"/>
  <testcase name="print_ctor_18" time="0.001" classname="com.github.viise.zhurnal.lg.LgBasicTest"/>
  <testcase name="print_ctor_19" time="0.001" classname="com.github.viise.zhurnal.lg.LgBasicTest"/>
  <testcase name="print_ctor_1_fullName" time="0.0" classname="com.github.viise.zhurnal.lg.LgBasicTest"/>
  <testcase name="print_ctor_2" time="0.0" classname="com.github.viise.zhurnal.lg.LgBasicTest"/>
  <testcase name="print_ctor_20" time="0.0" classname="com.github.viise.zhurnal.lg.LgBasicTest"/>
  <testcase name="print_ctor_21" time="0.0" classname="com.github.viise.zhurnal.lg.LgBasicTest"/>
  <testcase name="print_ctor_22" time="0.001" classname="com.github.viise.zhurnal.lg.LgBasicTest"/>
  <testcase name="print_ctor_3" time="0.0" classname="com.github.viise.zhurnal.lg.LgBasicTest"/>
  <testcase name="print_ctor_4" time="0.001" classname="com.github.viise.zhurnal.lg.LgBasicTest"/>
  <testcase name="print_ctor_5" time="0.0" classname="com.github.viise.zhurnal.lg.LgBasicTest"/>
  <testcase name="print_ctor_6" time="0.0" classname="com.github.viise.zhurnal.lg.LgBasicTest"/>
  <testcase name="print_ctor_7" time="0.0" classname="com.github.viise.zhurnal.lg.LgBasicTest"/>
  <testcase name="print_ctor_8" time="0.0" classname="com.github.viise.zhurnal.lg.LgBasicTest"/>
  <testcase name="print_ctor_9" time="0.0" classname="com.github.viise.zhurnal.lg.LgBasicTest"/>
  <testcase name="print" time="0.0" classname="com.github.viise.zhurnal.lg.LgConsoleTest"/>
  <testcase name="print" time="0.002" classname="com.github.viise.zhurnal.lg.LgDebugTest"/>
  <testcase name="print_ctor_1" time="0.001" classname="com.github.viise.zhurnal.lg.LgDebugTest"/>
  <testcase name="print_ctor_10" time="0.0" classname="com.github.viise.zhurnal.lg.LgDebugTest"/>
  <testcase name="print_ctor_11" time="0.0" classname="com.github.viise.zhurnal.lg.LgDebugTest"/>
  <testcase name="print_ctor_12" time="0.0" classname="com.github.viise.zhurnal.lg.LgDebugTest"/>
  <testcase name="print_ctor_13" time="0.0" classname="com.github.viise.zhurnal.lg.LgDebugTest"/>
  <testcase name="print_ctor_14" time="0.0" classname="com.github.viise.zhurnal.lg.LgDebugTest"/>
  <testcase name="print_ctor_15" time="0.0" classname="com.github.viise.zhurnal.lg.LgDebugTest"/>
  <testcase name="print_ctor_16" time="0.0" classname="com.github.viise.zhurnal.lg.LgDebugTest"/>
  <testcase name="print_ctor_17" time="0.001" classname="com.github.viise.zhurnal.lg.LgDebugTest"/>
  <testcase name="print_ctor_18" time="0.0" classname="com.github.viise.zhurnal.lg.LgDebugTest"/>
  <testcase name="print_ctor_19" time="0.0" classname="com.github.viise.zhurnal.lg.LgDebugTest"/>
  <testcase name="print_ctor_1_fullName" time="0.0" classname="com.github.viise.zhurnal.lg.LgDebugTest"/>
  <testcase name="print_ctor_2" time="0.0" classname="com.github.viise.zhurnal.lg.LgDebugTest"/>
  <testcase name="print_ctor_20" time="0.0" classname="com.github.viise.zhurnal.lg.LgDebugTest"/>
  <testcase name="print_ctor_21" time="0.001" classname="com.github.viise.zhurnal.lg.LgDebugTest"/>
  <testcase name="print_ctor_22" time="0.0" classname="com.github.viise.zhurnal.lg.LgDebugTest"/>
  <testcase name="print_ctor_3" time="0.0" classname="com.github.viise.zhurnal.lg.LgDebugTest"/>
  <testcase name="print_ctor_4" time="0.001" classname="com.github.viise.zhurnal.lg.LgDebugTest"/>
  <testcase name="print_ctor_5" time="0.0" classname="com.github.viise.zhurnal.lg.LgDebugTest"/>
  <testcase name="print_ctor_6" time="0.001" classname="com.github.viise.zhurnal.lg.LgDebugTest"/>
  <testcase name="print_ctor_7" time="0.001" classname="com.github.viise.zhurnal.lg.LgDebugTest"/>
  <testcase name="print_ctor_8" time="0.0" classname="com.github.viise.zhurnal.lg.LgDebugTest"/>
  <testcase name="print_ctor_9" time="0.001" classname="com.github.viise.zhurnal.lg.LgDebugTest"/>
  <testcase name="print" time="0.001" classname="com.github.viise.zhurnal.lg.LgErrorTest"/>
  <testcase name="print_ctor_1" time="0.0" classname="com.github.viise.zhurnal.lg.LgErrorTest"/>
  <testcase name="print_ctor_10" time="0.0" classname="com.github.viise.zhurnal.lg.LgErrorTest"/>
  <testcase name="print_ctor_11" time="0.0" classname="com.github.viise.zhurnal.lg.LgErrorTest"/>
  <testcase name="print_ctor_12" time="0.0" classname="com.github.viise.zhurnal.lg.LgErrorTest"/>
  <testcase name="print_ctor_13" time="0.001" classname="com.github.viise.zhurnal.lg.LgErrorTest"/>
  <testcase name="print_ctor_14" time="0.0" classname="com.github.viise.zhurnal.lg.LgErrorTest"/>
  <testcase name="print_ctor_15" time="0.0" classname="com.github.viise.zhurnal.lg.LgErrorTest"/>
  <testcase name="print_ctor_16" time="0.001" classname="com.github.viise.zhurnal.lg.LgErrorTest"/>
  <testcase name="print_ctor_17" time="0.0" classname="com.github.viise.zhurnal.lg.LgErrorTest"/>
  <testcase name="print_ctor_18" time="0.0" classname="com.github.viise.zhurnal.lg.LgErrorTest"/>
  <testcase name="print_ctor_19" time="0.0" classname="com.github.viise.zhurnal.lg.LgErrorTest"/>
  <testcase name="print_ctor_1_fullName" time="0.001" classname="com.github.viise.zhurnal.lg.LgErrorTest"/>
  <testcase name="print_ctor_2" time="0.0" classname="com.github.viise.zhurnal.lg.LgErrorTest"/>
  <testcase name="print_ctor_20" time="0.0" classname="com.github.viise.zhurnal.lg.LgErrorTest"/>
  <testcase name="print_ctor_21" time="0.001" classname="com.github.viise.zhurnal.lg.LgErrorTest"/>
  <testcase name="print_ctor_22" time="0.0" classname="com.github.viise.zhurnal.lg.LgErrorTest"/>
  <testcase name="print_ctor_3" time="0.0" classname="com.github.viise.zhurnal.lg.LgErrorTest"/>
  <testcase name="print_ctor_4" time="0.001" classname="com.github.viise.zhurnal.lg.LgErrorTest"/>
  <testcase name="print_ctor_5" time="0.0" classname="com.github.viise.zhurnal.lg.LgErrorTest"/>
  <testcase name="print_ctor_6" time="0.0" classname="com.github.viise.zhurnal.lg.LgErrorTest"/>
  <testcase name="print_ctor_7" time="0.001" classname="com.github.viise.zhurnal.lg.LgErrorTest"/>
  <testcase name="print_ctor_8" time="0.0" classname="com.github.viise.zhurnal.lg.LgErrorTest"/>
  <testcase name="print_ctor_9" time="0.0" classname="com.github.viise.zhurnal.lg.LgErrorTest"/>
  <testcase name="print" time="0.004" classname="com.github.viise.zhurnal.lg.LgFileTest"/>
  <testcase name="print" time="0.0" classname="com.github.viise.zhurnal.lg.LgInfoTest"/>
  <testcase name="print_ctor_1" time="0.0" classname="com.github.viise.zhurnal.lg.LgInfoTest"/>
  <testcase name="print_ctor_10" time="0.0" classname="com.github.viise.zhurnal.lg.LgInfoTest"/>
  <testcase name="print_ctor_11" time="0.0" classname="com.github.viise.zhurnal.lg.LgInfoTest"/>
  <testcase name="print_ctor_12" time="0.0" classname="com.github.viise.zhurnal.lg.LgInfoTest"/>
  <testcase name="print_ctor_13" time="0.0" classname="com.github.viise.zhurnal.lg.LgInfoTest"/>
  <testcase name="print_ctor_14" time="0.001" classname="com.github.viise.zhurnal.lg.LgInfoTest"/>
  <testcase name="print_ctor_15" time="0.0" classname="com.github.viise.zhurnal.lg.LgInfoTest"/>
  <testcase name="print_ctor_16" time="0.0" classname="com.github.viise.zhurnal.lg.LgInfoTest"/>
  <testcase name="print_ctor_17" time="0.001" classname="com.github.viise.zhurnal.lg.LgInfoTest"/>
  <testcase name="print_ctor_18" time="0.0" classname="com.github.viise.zhurnal.lg.LgInfoTest"/>
  <testcase name="print_ctor_19" time="0.0" classname="com.github.viise.zhurnal.lg.LgInfoTest"/>
  <testcase name="print_ctor_1_fullName" time="0.0" classname="com.github.viise.zhurnal.lg.LgInfoTest"/>
  <testcase name="print_ctor_2" time="0.001" classname="com.github.viise.zhurnal.lg.LgInfoTest"/>
  <testcase name="print_ctor_20" time="0.0" classname="com.github.viise.zhurnal.lg.LgInfoTest"/>
  <testcase name="print_ctor_21" time="0.0" classname="com.github.viise.zhurnal.lg.LgInfoTest"/>
  <testcase name="print_ctor_22" time="0.0" classname="com.github.viise.zhurnal.lg.LgInfoTest"/>
  <testcase name="print_ctor_3" time="0.0" classname="com.github.viise.zhurnal.lg.LgInfoTest"/>
  <testcase name="print_ctor_4" time="0.0" classname="com.github.viise.zhurnal.lg.LgInfoTest"/>
  <testcase name="print_ctor_5" time="0.0" classname="com.github.viise.zhurnal.lg.LgInfoTest"/>
  <testcase name="print_ctor_6" time="0.0" classname="com.github.viise.zhurnal.lg.LgInfoTest"/>
  <testcase name="print_ctor_7" time="0.0" classname="com.github.viise.zhurnal.lg.LgInfoTest"/>
  <testcase name="print_ctor_8" time="0.0" classname="com.github.viise.zhurnal.lg.LgInfoTest"/>
  <testcase name="print_ctor_9" time="0.0" classname="com.github.viise.zhurnal.lg.LgInfoTest"/>
  <testcase name="print" time="0.001" classname="com.github.viise.zhurnal.lg.LgTraceTest"/>
  <testcase name="print_ctor_1" time="0.0" classname="com.github.viise.zhurnal.lg.LgTraceTest"/>
  <testcase name="print_ctor_10" time="0.001" classname="com.github.viise.zhurnal.lg.LgTraceTest"/>
  <testcase name="print_ctor_11" time="0.0" classname="com.github.viise.zhurnal.lg.LgTraceTest"/>
  <testcase name="print_ctor_12" time="0.0" classname="com.github.viise.zhurnal.lg.LgTraceTest"/>
  <testcase name="print_ctor_13" time="0.0" classname="com.github.viise.zhurnal.lg.LgTraceTest"/>
  <testcase name="print_ctor_14" time="0.0" classname="com.github.viise.zhurnal.lg.LgTraceTest"/>
  <testcase name="print_ctor_15" time="0.0" classname="com.github.viise.zhurnal.lg.LgTraceTest"/>
  <testcase name="print_ctor_16" time="0.0" classname="com.github.viise.zhurnal.lg.LgTraceTest"/>
  <testcase name="print_ctor_17" time="0.0" classname="com.github.viise.zhurnal.lg.LgTraceTest"/>
  <testcase name="print_ctor_18" time="0.0" classname="com.github.viise.zhurnal.lg.LgTraceTest"/>
  <testcase name="print_ctor_19" time="0.0" classname="com.github.viise.zhurnal.lg.LgTraceTest"/>
  <testcase name="print_ctor_1_fullName" time="0.001" classname="com.github.viise.zhurnal.lg.LgTraceTest"/>
  <testcase name="print_ctor_2" time="0.0" classname="com.github.viise.zhurnal.lg.LgTraceTest"/>
  <testcase name="print_ctor_20" time="0.0" classname="com.github.viise.zhurnal.lg.LgTraceTest"/>
  <testcase name="print_ctor_21" time="0.0" classname="com.github.viise.zhurnal.lg.LgTraceTest"/>
  <testcase name="print_ctor_22" time="0.0" classname="com.github.viise.zhurnal.lg.LgTraceTest"/>
  <testcase name="print_ctor_3" time="0.0" classname="com.github.viise.zhurnal.lg.LgTraceTest"/>
  <testcase name="print_ctor_4" time="0.0" classname="com.github.viise.zhurnal.lg.LgTraceTest"/>
  <testcase name="print_ctor_5" time="0.001" classname="com.github.viise.zhurnal.lg.LgTraceTest"/>
  <testcase name="print_ctor_6" time="0.0" classname="com.github.viise.zhurnal.lg.LgTraceTest"/>
  <testcase name="print_ctor_7" time="0.0" classname="com.github.viise.zhurnal.lg.LgTraceTest"/>
  <testcase name="print_ctor_8" time="0.001" classname="com.github.viise.zhurnal.lg.LgTraceTest"/>
  <testcase name="print_ctor_9" time="0.0" classname="com.github.viise.zhurnal.lg.LgTraceTest"/>
  <testcase name="print" time="0.001" classname="com.github.viise.zhurnal.lg.LgWarnTest"/>
  <testcase name="print_ctor_1" time="0.0" classname="com.github.viise.zhurnal.lg.LgWarnTest"/>
  <testcase name="print_ctor_10" time="0.0" classname="com.github.viise.zhurnal.lg.LgWarnTest"/>
  <testcase name="print_ctor_11" time="0.0" classname="com.github.viise.zhurnal.lg.LgWarnTest"/>
  <testcase name="print_ctor_12" time="0.001" classname="com.github.viise.zhurnal.lg.LgWarnTest"/>
  <testcase name="print_ctor_13" time="0.0" classname="com.github.viise.zhurnal.lg.LgWarnTest"/>
  <testcase name="print_ctor_14" time="0.0" classname="com.github.viise.zhurnal.lg.LgWarnTest"/>
  <testcase name="print_ctor_15" time="0.0" classname="com.github.viise.zhurnal.lg.LgWarnTest"/>
  <testcase name="print_ctor_16" time="0.0" classname="com.github.viise.zhurnal.lg.LgWarnTest"/>
  <testcase name="print_ctor_17" time="0.0" classname="com.github.viise.zhurnal.lg.LgWarnTest"/>
  <testcase name="print_ctor_18" time="0.0" classname="com.github.viise.zhurnal.lg.LgWarnTest"/>
  <testcase name="print_ctor_19" time="0.001" classname="com.github.viise.zhurnal.lg.LgWarnTest"/>
  <testcase name="print_ctor_1_fullName" time="0.0" classname="com.github.viise.zhurnal.lg.LgWarnTest"/>
  <testcase name="print_ctor_2" time="0.0" classname="com.github.viise.zhurnal.lg.LgWarnTest"/>
  <testcase name="print_ctor_20" time="0.0" classname="com.github.viise.zhurnal.lg.LgWarnTest"/>
  <testcase name="print_ctor_21" time="0.001" classname="com.github.viise.zhurnal.lg.LgWarnTest"/>
  <testcase name="print_ctor_22" time="0.0" classname="com.github.viise.zhurnal.lg.LgWarnTest"/>
  <testcase name="print_ctor_3" time="0.0" classname="com.github.viise.zhurnal.lg.LgWarnTest"/>
  <testcase name="print_ctor_4" time="0.0" classname="com.github.viise.zhurnal.lg.LgWarnTest"/>
  <testcase name="print_ctor_5" time="0.001" classname="com.github.viise.zhurnal.lg.LgWarnTest"/>
  <testcase name="print_ctor_6" time="0.0" classname="com.github.viise.zhurnal.lg.LgWarnTest"/>
  <testcase name="print_ctor_7" time="0.0" classname="com.github.viise.zhurnal.lg.LgWarnTest"/>
  <testcase name="print_ctor_8" time="0.001" classname="com.github.viise.zhurnal.lg.LgWarnTest"/>
  <testcase name="print_ctor_9" time="0.0" classname="com.github.viise.zhurnal.lg.LgWarnTest"/>
</testsuite> <!-- LogTest -->
