<?xml version="1.0" encoding="UTF-8"?>
<testng-results skipped="0" failed="0" ignored="0" total="189" passed="189">
  <reporter-output>
  </reporter-output>
  <suite name="ZhurnalSuite" duration-ms="0" started-at="2022-02-15T03:20:47 VLAT" finished-at="2022-02-15T03:20:47 VLAT">
    <groups>
    </groups>
  </suite> <!-- ZhurnalSuite -->
  <suite name="Log" duration-ms="127" started-at="2022-02-15T03:20:47 VLAT" finished-at="2022-02-15T03:20:47 VLAT">
    <groups>
    </groups>
    <test name="LogTest" duration-ms="127" started-at="2022-02-15T03:20:47 VLAT" finished-at="2022-02-15T03:20:47 VLAT">
      <class name="com.github.viise.zhurnal.lg.LgFileTest">
        <test-method status="PASS" signature="print()[pri:0, instance:com.github.viise.zhurnal.lg.LgFileTest@574b7f4a]" name="print" duration-ms="4" started-at="2022-02-15T03:20:47 VLAT" finished-at="2022-02-15T03:20:47 VLAT">
          <reporter-output>
          </reporter-output>
        </test-method> <!-- print -->
        <test-method status="PASS" signature="clearUp()[pri:0, instance:com.github.viise.zhurnal.lg.LgFileTest@574b7f4a]" name="clearUp" is-config="true" duration-ms="1" started-at="2022-02-15T03:20:47 VLAT" finished-at="2022-02-15T03:20:47 VLAT">
          <reporter-output>
          </reporter-output>
        </test-method> <!-- clearUp -->
      </class> <!-- com.github.viise.zhurnal.lg.LgFileTest -->
      <class name="com.github.viise.zhurnal.lg.LgInfoTest">
        <test-method status="PASS" signature="print()[pri:0, instance:com.github.viise.zhurnal.lg.LgInfoTest@44ed0a8f]" name="print" duration-ms="0" started-at="2022-02-15T03:20:47 VLAT" finished-at="2022-02-15T03:20:47 VLAT">
          <reporter-output>
          </reporter-output>
        </test-method> <!-- print -->
        <test-method status="PASS" signature="print_ctor_1()[pri:0, instance:com.github.viise.zhurnal.lg.LgInfoTest@44ed0a8f]" name="print_ctor_1" duration-ms="0" started-at="2022-02-15T03:20:47 VLAT" finished-at="2022-02-15T03:20:47 VLAT">
          <reporter-output>
          </reporter-output>
        </test-method> <!-- print_ctor_1 -->
        <test-method status="PASS" signature="print_ctor_12()[pri:0, instance:com.github.viise.zhurnal.lg.LgInfoTest@44ed0a8f]" name="print_ctor_12" duration-ms="0" started-at="2022-02-15T03:20:47 VLAT" finished-at="2022-02-15T03:20:47 VLAT">
          <reporter-output>
          </reporter-output>
        </test-method> <!-- print_ctor_12 -->
        <test-method status="PASS" signature="print_ctor_13()[pri:0, instance:com.github.viise.zhurnal.lg.LgInfoTest@44ed0a8f]" name="print_ctor_13" duration-ms="0" started-at="2022-02-15T03:20:47 VLAT" finished-at="2022-02-15T03:20:47 VLAT">
          <reporter-output>
          </reporter-output>
        </test-method> <!-- print_ctor_13 -->
        <test-method status="PASS" signature="print_ctor_10()[pri:0, instance:com.github.viise.zhurnal.lg.LgInfoTest@44ed0a8f]" name="print_ctor_10" duration-ms="0" started-at="2022-02-15T03:20:47 VLAT" finished-at="2022-02-15T03:20:47 VLAT">
          <reporter-output>
          </reporter-output>
        </test-method> <!-- print_ctor_10 -->
        <test-method status="PASS" signature="print_ctor_14()[pri:0, instance:com.github.viise.zhurnal.lg.LgInfoTest@44ed0a8f]" name="print_ctor_14" duration-ms="1" started-at="2022-02-15T03:20:47 VLAT" finished-at="2022-02-15T03:20:47 VLAT">
          <reporter-output>
          </reporter-output>
        </test-method> <!-- print_ctor_14 -->
        <test-method status="PASS" signature="print_ctor_11()[pri:0, instance:com.github.viise.zhurnal.lg.LgInfoTest@44ed0a8f]" name="print_ctor_11" duration-ms="0" started-at="2022-02-15T03:20:47 VLAT" finished-at="2022-02-15T03:20:47 VLAT">
          <reporter-output>
          </reporter-output>
        </test-method> <!-- print_ctor_11 -->
        <test-method status="PASS" signature="print_ctor_16()[pri:0, instance:com.github.viise.zhurnal.lg.LgInfoTest@44ed0a8f]" name="print_ctor_16" duration-ms="0" started-at="2022-02-15T03:20:47 VLAT" finished-at="2022-02-15T03:20:47 VLAT">
          <reporter-output>
          </reporter-output>
        </test-method> <!-- print_ctor_16 -->
        <test-method status="PASS" signature="print_ctor_15()[pri:0, instance:com.github.viise.zhurnal.lg.LgInfoTest@44ed0a8f]" name="print_ctor_15" duration-ms="0" started-at="2022-02-15T03:20:47 VLAT" finished-at="2022-02-15T03:20:47 VLAT">
          <reporter-output>
          </reporter-output>
        </test-method> <!-- print_ctor_15 -->
        <test-method status="PASS" signature="print_ctor_17()[pri:0, instance:com.github.viise.zhurnal.lg.LgInfoTest@44ed0a8f]" name="print_ctor_17" duration-ms="1" started-at="2022-02-15T03:20:47 VLAT" finished-at="2022-02-15T03:20:47 VLAT">
          <reporter-output>
          </reporter-output>
        </test-method> <!-- print_ctor_17 -->
        <test-method status="PASS" signature="print_ctor_18()[pri:0, instance:com.github.viise.zhurnal.lg.LgInfoTest@44ed0a8f]" name="print_ctor_18" duration-ms="0" started-at="2022-02-15T03:20:47 VLAT" finished-at="2022-02-15T03:20:47 VLAT">
          <reporter-output>
          </reporter-output>
        </test-method> <!-- print_ctor_18 -->
        <test-method status="PASS" signature="print_ctor_1_fullName()[pri:0, instance:com.github.viise.zhurnal.lg.LgInfoTest@44ed0a8f]" name="print_ctor_1_fullName" duration-ms="0" started-at="2022-02-15T03:20:47 VLAT" finished-at="2022-02-15T03:20:47 VLAT">
          <reporter-output>
          </reporter-output>
        </test-method> <!-- print_ctor_1_fullName -->
        <test-method status="PASS" signature="print_ctor_19()[pri:0, instance:com.github.viise.zhurnal.lg.LgInfoTest@44ed0a8f]" name="print_ctor_19" duration-ms="0" started-at="2022-02-15T03:20:47 VLAT" finished-at="2022-02-15T03:20:47 VLAT">
          <reporter-output>
          </reporter-output>
        </test-method> <!-- print_ctor_19 -->
        <test-method status="PASS" signature="print_ctor_2()[pri:0, instance:com.github.viise.zhurnal.lg.LgInfoTest@44ed0a8f]" name="print_ctor_2" duration-ms="1" started-at="2022-02-15T03:20:47 VLAT" finished-at="2022-02-15T03:20:47 VLAT">
          <reporter-output>
          </reporter-output>
        </test-method> <!-- print_ctor_2 -->
        <test-method status="PASS" signature="print_ctor_22()[pri:0, instance:com.github.viise.zhurnal.lg.LgInfoTest@44ed0a8f]" name="print_ctor_22" duration-ms="0" started-at="2022-02-15T03:20:47 VLAT" finished-at="2022-02-15T03:20:47 VLAT">
          <reporter-output>
          </reporter-output>
        </test-method> <!-- print_ctor_22 -->
        <test-method status="PASS" signature="print_ctor_20()[pri:0, instance:com.github.viise.zhurnal.lg.LgInfoTest@44ed0a8f]" name="print_ctor_20" duration-ms="0" started-at="2022-02-15T03:20:47 VLAT" finished-at="2022-02-15T03:20:47 VLAT">
          <reporter-output>
          </reporter-output>
        </test-method> <!-- print_ctor_20 -->
        <test-method status="PASS" signature="print_ctor_21()[pri:0, instance:com.github.viise.zhurnal.lg.LgInfoTest@44ed0a8f]" name="print_ctor_21" duration-ms="0" started-at="2022-02-15T03:20:47 VLAT" finished-at="2022-02-15T03:20:47 VLAT">
          <reporter-output>
          </reporter-output>
        </test-method> <!-- print_ctor_21 -->
        <test-method status="PASS" signature="print_ctor_3()[pri:0, instance:com.github.viise.zhurnal.lg.LgInfoTest@44ed0a8f]" name="print_ctor_3" duration-ms="0" started-at="2022-02-15T03:20:47 VLAT" finished-at="2022-02-15T03:20:47 VLAT">
          <reporter-output>
          </reporter-output>
        </test-method> <!-- print_ctor_3 -->
        <test-method status="PASS" signature="print_ctor_5()[pri:0, instance:com.github.viise.zhurnal.lg.LgInfoTest@44ed0a8f]" name="print_ctor_5" duration-ms="0" started-at="2022-02-15T03:20:47 VLAT" finished-at="2022-02-15T03:20:47 VLAT">
          <reporter-output>
          </reporter-output>
        </test-method> <!-- print_ctor_5 -->
        <test-method status="PASS" signature="print_ctor_4()[pri:0, instance:com.github.viise.zhurnal.lg.LgInfoTest@44ed0a8f]" name="print_ctor_4" duration-ms="0" started-at="2022-02-15T03:20:47 VLAT" finished-at="2022-02-15T03:20:47 VLAT">
          <reporter-output>
          </reporter-output>
        </test-method> <!-- print_ctor_4 -->
        <test-method status="PASS" signature="print_ctor_8()[pri:0, instance:com.github.viise.zhurnal.lg.LgInfoTest@44ed0a8f]" name="print_ctor_8" duration-ms="0" started-at="2022-02-15T03:20:47 VLAT" finished-at="2022-02-15T03:20:47 VLAT">
          <reporter-output>
          </reporter-output>
        </test-method> <!-- print_ctor_8 -->
        <test-method status="PASS" signature="print_ctor_7()[pri:0, instance:com.github.viise.zhurnal.lg.LgInfoTest@44ed0a8f]" name="print_ctor_7" duration-ms="0" started-at="2022-02-15T03:20:47 VLAT" finished-at="2022-02-15T03:20:47 VLAT">
          <reporter-output>
          </reporter-output>
        </test-method> <!-- print_ctor_7 -->
        <test-method status="PASS" signature="print_ctor_6()[pri:0, instance:com.github.viise.zhurnal.lg.LgInfoTest@44ed0a8f]" name="print_ctor_6" duration-ms="0" started-at="2022-02-15T03:20:47 VLAT" finished-at="2022-02-15T03:20:47 VLAT">
          <reporter-output>
          </reporter-output>
        </test-method> <!-- print_ctor_6 -->
        <test-method status="PASS" signature="print_ctor_9()[pri:0, instance:com.github.viise.zhurnal.lg.LgInfoTest@44ed0a8f]" name="print_ctor_9" duration-ms="0" started-at="2022-02-15T03:20:47 VLAT" finished-at="2022-02-15T03:20:47 VLAT">
          <reporter-output>
          </reporter-output>
        </test-method> <!-- print_ctor_9 -->
      </class> <!-- com.github.viise.zhurnal.lg.LgInfoTest -->
      <class name="com.github.viise.zhurnal.lg.LgBasicTest">
        <test-method status="PASS" signature="print_ctor_1()[pri:0, instance:com.github.viise.zhurnal.lg.LgBasicTest@15405bd6]" name="print_ctor_1" duration-ms="17" started-at="2022-02-15T03:20:47 VLAT" finished-at="2022-02-15T03:20:47 VLAT">
          <reporter-output>
          </reporter-output>
        </test-method> <!-- print_ctor_1 -->
        <test-method status="PASS" signature="print_ctor_10()[pri:0, instance:com.github.viise.zhurnal.lg.LgBasicTest@15405bd6]" name="print_ctor_10" duration-ms="0" started-at="2022-02-15T03:20:47 VLAT" finished-at="2022-02-15T03:20:47 VLAT">
          <reporter-output>
          </reporter-output>
        </test-method> <!-- print_ctor_10 -->
        <test-method status="PASS" signature="print_ctor_11()[pri:0, instance:com.github.viise.zhurnal.lg.LgBasicTest@15405bd6]" name="print_ctor_11" duration-ms="0" started-at="2022-02-15T03:20:47 VLAT" finished-at="2022-02-15T03:20:47 VLAT">
          <reporter-output>
          </reporter-output>
        </test-method> <!-- print_ctor_11 -->
        <test-method status="PASS" signature="print_ctor_12()[pri:0, instance:com.github.viise.zhurnal.lg.LgBasicTest@15405bd6]" name="print_ctor_12" duration-ms="1" started-at="2022-02-15T03:20:47 VLAT" finished-at="2022-02-15T03:20:47 VLAT">
          <reporter-output>
          </reporter-output>
        </test-method> <!-- print_ctor_12 -->
        <test-method status="PASS" signature="print_ctor_14()[pri:0, instance:com.github.viise.zhurnal.lg.LgBasicTest@15405bd6]" name="print_ctor_14" duration-ms="0" started-at="2022-02-15T03:20:47 VLAT" finished-at="2022-02-15T03:20:47 VLAT">
          <reporter-output>
          </reporter-output>
        </test-method> <!-- print_ctor_14 -->
        <test-method status="PASS" signature="print_ctor_13()[pri:0, instance:com.github.viise.zhurnal.lg.LgBasicTest@15405bd6]" name="print_ctor_13" duration-ms="0" started-at="2022-02-15T03:20:47 VLAT" finished-at="2022-02-15T03:20:47 VLAT">
          <reporter-output>
          </reporter-output>
        </test-method> <!-- print_ctor_13 -->
        <test-method status="PASS" signature="print_ctor_15()[pri:0, instance:com.github.viise.zhurnal.lg.LgBasicTest@15405bd6]" name="print_ctor_15" duration-ms="1" started-at="2022-02-15T03:20:47 VLAT" finished-at="2022-02-15T03:20:47 VLAT">
          <reporter-output>
          </reporter-output>
        </test-method> <!-- print_ctor_15 -->
        <test-method status="PASS" signature="print_ctor_16()[pri:0, instance:com.github.viise.zhurnal.lg.LgBasicTest@15405bd6]" name="print_ctor_16" duration-ms="1" started-at="2022-02-15T03:20:47 VLAT" finished-at="2022-02-15T03:20:47 VLAT">
          <reporter-output>
          </reporter-output>
        </test-method> <!-- print_ctor_16 -->
        <test-method status="PASS" signature="print_ctor_17()[pri:0, instance:com.github.viise.zhurnal.lg.LgBasicTest@15405bd6]" name="print_ctor_17" duration-ms="1" started-at="2022-02-15T03:20:47 VLAT" finished-at="2022-02-15T03:20:47 VLAT">
          <reporter-output>
          </reporter-output>
        </test-method> <!-- print_ctor_17 -->
        <test-method status="PASS" signature="print_ctor_18()[pri:0, instance:com.github.viise.zhurnal.lg.LgBasicTest@15405bd6]" name="print_ctor_18" duration-ms="1" started-at="2022-02-15T03:20:47 VLAT" finished-at="2022-02-15T03:20:47 VLAT">
          <reporter-output>
          </reporter-output>
        </test-method> <!-- print_ctor_18 -->
        <test-method status="PASS" signature="print_ctor_19()[pri:0, instance:com.github.viise.zhurnal.lg.LgBasicTest@15405bd6]" name="print_ctor_19" duration-ms="1" started-at="2022-02-15T03:20:47 VLAT" finished-at="2022-02-15T03:20:47 VLAT">
          <reporter-output>
          </reporter-output>
        </test-method> <!-- print_ctor_19 -->
        <test-method status="PASS" signature="print_ctor_1_fullName()[pri:0, instance:com.github.viise.zhurnal.lg.LgBasicTest@15405bd6]" name="print_ctor_1_fullName" duration-ms="0" started-at="2022-02-15T03:20:47 VLAT" finished-at="2022-02-15T03:20:47 VLAT">
          <reporter-output>
          </reporter-output>
        </test-method> <!-- print_ctor_1_fullName -->
        <test-method status="PASS" signature="print_ctor_2()[pri:0, instance:com.github.viise.zhurnal.lg.LgBasicTest@15405bd6]" name="print_ctor_2" duration-ms="0" started-at="2022-02-15T03:20:47 VLAT" finished-at="2022-02-15T03:20:47 VLAT">
          <reporter-output>
          </reporter-output>
        </test-method> <!-- print_ctor_2 -->
        <test-method status="PASS" signature="print_ctor_22()[pri:0, instance:com.github.viise.zhurnal.lg.LgBasicTest@15405bd6]" name="print_ctor_22" duration-ms="1" started-at="2022-02-15T03:20:47 VLAT" finished-at="2022-02-15T03:20:47 VLAT">
          <reporter-output>
          </reporter-output>
        </test-method> <!-- print_ctor_22 -->
        <test-method status="PASS" signature="print_ctor_21()[pri:0, instance:com.github.viise.zhurnal.lg.LgBasicTest@15405bd6]" name="print_ctor_21" duration-ms="0" started-at="2022-02-15T03:20:47 VLAT" finished-at="2022-02-15T03:20:47 VLAT">
          <reporter-output>
          </reporter-output>
        </test-method> <!-- print_ctor_21 -->
        <test-method status="PASS" signature="print_ctor_20()[pri:0, instance:com.github.viise.zhurnal.lg.LgBasicTest@15405bd6]" name="print_ctor_20" duration-ms="0" started-at="2022-02-15T03:20:47 VLAT" finished-at="2022-02-15T03:20:47 VLAT">
          <reporter-output>
          </reporter-output>
        </test-method> <!-- print_ctor_20 -->
        <test-method status="PASS" signature="print_ctor_4()[pri:0, instance:com.github.viise.zhurnal.lg.LgBasicTest@15405bd6]" name="print_ctor_4" duration-ms="1" started-at="2022-02-15T03:20:47 VLAT" finished-at="2022-02-15T03:20:47 VLAT">
          <reporter-output>
          </reporter-output>
        </test-method> <!-- print_ctor_4 -->
        <test-method status="PASS" signature="print_ctor_3()[pri:0, instance:com.github.viise.zhurnal.lg.LgBasicTest@15405bd6]" name="print_ctor_3" duration-ms="0" started-at="2022-02-15T03:20:47 VLAT" finished-at="2022-02-15T03:20:47 VLAT">
          <reporter-output>
          </reporter-output>
        </test-method> <!-- print_ctor_3 -->
        <test-method status="PASS" signature="print_ctor_5()[pri:0, instance:com.github.viise.zhurnal.lg.LgBasicTest@15405bd6]" name="print_ctor_5" duration-ms="0" started-at="2022-02-15T03:20:47 VLAT" finished-at="2022-02-15T03:20:47 VLAT">
          <reporter-output>
          </reporter-output>
        </test-method> <!-- print_ctor_5 -->
        <test-method status="PASS" signature="print_ctor_6()[pri:0, instance:com.github.viise.zhurnal.lg.LgBasicTest@15405bd6]" name="print_ctor_6" duration-ms="0" started-at="2022-02-15T03:20:47 VLAT" finished-at="2022-02-15T03:20:47 VLAT">
          <reporter-output>
          </reporter-output>
        </test-method> <!-- print_ctor_6 -->
        <test-method status="PASS" signature="print_ctor_7()[pri:0, instance:com.github.viise.zhurnal.lg.LgBasicTest@15405bd6]" name="print_ctor_7" duration-ms="0" started-at="2022-02-15T03:20:47 VLAT" finished-at="2022-02-15T03:20:47 VLAT">
          <reporter-output>
          </reporter-output>
        </test-method> <!-- print_ctor_7 -->
        <test-method status="PASS" signature="print_ctor_8()[pri:0, instance:com.github.viise.zhurnal.lg.LgBasicTest@15405bd6]" name="print_ctor_8" duration-ms="0" started-at="2022-02-15T03:20:47 VLAT" finished-at="2022-02-15T03:20:47 VLAT">
          <reporter-output>
          </reporter-output>
        </test-method> <!-- print_ctor_8 -->
        <test-method status="PASS" signature="print_ctor_9()[pri:0, instance:com.github.viise.zhurnal.lg.LgBasicTest@15405bd6]" name="print_ctor_9" duration-ms="0" started-at="2022-02-15T03:20:47 VLAT" finished-at="2022-02-15T03:20:47 VLAT">
          <reporter-output>
          </reporter-output>
        </test-method> <!-- print_ctor_9 -->
      </class> <!-- com.github.viise.zhurnal.lg.LgBasicTest -->
      <class name="com.github.viise.zhurnal.lg.LgTraceTest">
        <test-method status="PASS" signature="print()[pri:0, instance:com.github.viise.zhurnal.lg.LgTraceTest@32177fa5]" name="print" duration-ms="1" started-at="2022-02-15T03:20:47 VLAT" finished-at="2022-02-15T03:20:47 VLAT">
          <reporter-output>
          </reporter-output>
        </test-method> <!-- print -->
        <test-method status="PASS" signature="print_ctor_1()[pri:0, instance:com.github.viise.zhurnal.lg.LgTraceTest@32177fa5]" name="print_ctor_1" duration-ms="0" started-at="2022-02-15T03:20:47 VLAT" finished-at="2022-02-15T03:20:47 VLAT">
          <reporter-output>
          </reporter-output>
        </test-method> <!-- print_ctor_1 -->
        <test-method status="PASS" signature="print_ctor_10()[pri:0, instance:com.github.viise.zhurnal.lg.LgTraceTest@32177fa5]" name="print_ctor_10" duration-ms="1" started-at="2022-02-15T03:20:47 VLAT" finished-at="2022-02-15T03:20:47 VLAT">
          <reporter-output>
          </reporter-output>
        </test-method> <!-- print_ctor_10 -->
        <test-method status="PASS" signature="print_ctor_11()[pri:0, instance:com.github.viise.zhurnal.lg.LgTraceTest@32177fa5]" name="print_ctor_11" duration-ms="0" started-at="2022-02-15T03:20:47 VLAT" finished-at="2022-02-15T03:20:47 VLAT">
          <reporter-output>
          </reporter-output>
        </test-method> <!-- print_ctor_11 -->
        <test-method status="PASS" signature="print_ctor_12()[pri:0, instance:com.github.viise.zhurnal.lg.LgTraceTest@32177fa5]" name="print_ctor_12" duration-ms="0" started-at="2022-02-15T03:20:47 VLAT" finished-at="2022-02-15T03:20:47 VLAT">
          <reporter-output>
          </reporter-output>
        </test-method> <!-- print_ctor_12 -->
        <test-method status="PASS" signature="print_ctor_14()[pri:0, instance:com.github.viise.zhurnal.lg.LgTraceTest@32177fa5]" name="print_ctor_14" duration-ms="0" started-at="2022-02-15T03:20:47 VLAT" finished-at="2022-02-15T03:20:47 VLAT">
          <reporter-output>
          </reporter-output>
        </test-method> <!-- print_ctor_14 -->
        <test-method status="PASS" signature="print_ctor_13()[pri:0, instance:com.github.viise.zhurnal.lg.LgTraceTest@32177fa5]" name="print_ctor_13" duration-ms="0" started-at="2022-02-15T03:20:47 VLAT" finished-at="2022-02-15T03:20:47 VLAT">
          <reporter-output>
          </reporter-output>
        </test-method> <!-- print_ctor_13 -->
        <test-method status="PASS" signature="print_ctor_15()[pri:0, instance:com.github.viise.zhurnal.lg.LgTraceTest@32177fa5]" name="print_ctor_15" duration-ms="0" started-at="2022-02-15T03:20:47 VLAT" finished-at="2022-02-15T03:20:47 VLAT">
          <reporter-output>
          </reporter-output>
        </test-method> <!-- print_ctor_15 -->
        <test-method status="PASS" signature="print_ctor_17()[pri:0, instance:com.github.viise.zhurnal.lg.LgTraceTest@32177fa5]" name="print_ctor_17" duration-ms="0" started-at="2022-02-15T03:20:47 VLAT" finished-at="2022-02-15T03:20:47 VLAT">
          <reporter-output>
          </reporter-output>
        </test-method> <!-- print_ctor_17 -->
        <test-method status="PASS" signature="print_ctor_16()[pri:0, instance:com.github.viise.zhurnal.lg.LgTraceTest@32177fa5]" name="print_ctor_16" duration-ms="0" started-at="2022-02-15T03:20:47 VLAT" finished-at="2022-02-15T03:20:47 VLAT">
          <reporter-output>
          </reporter-output>
        </test-method> <!-- print_ctor_16 -->
        <test-method status="PASS" signature="print_ctor_18()[pri:0, instance:com.github.viise.zhurnal.lg.LgTraceTest@32177fa5]" name="print_ctor_18" duration-ms="0" started-at="2022-02-15T03:20:47 VLAT" finished-at="2022-02-15T03:20:47 VLAT">
          <reporter-output>
          </reporter-output>
        </test-method> <!-- print_ctor_18 -->
        <test-method status="PASS" signature="print_ctor_19()[pri:0, instance:com.github.viise.zhurnal.lg.LgTraceTest@32177fa5]" name="print_ctor_19" duration-ms="0" started-at="2022-02-15T03:20:47 VLAT" finished-at="2022-02-15T03:20:47 VLAT">
          <reporter-output>
          </reporter-output>
        </test-method> <!-- print_ctor_19 -->
        <test-method status="PASS" signature="print_ctor_1_fullName()[pri:0, instance:com.github.viise.zhurnal.lg.LgTraceTest@32177fa5]" name="print_ctor_1_fullName" duration-ms="1" started-at="2022-02-15T03:20:47 VLAT" finished-at="2022-02-15T03:20:47 VLAT">
          <reporter-output>
          </reporter-output>
        </test-method> <!-- print_ctor_1_fullName -->
        <test-method status="PASS" signature="print_ctor_2()[pri:0, instance:com.github.viise.zhurnal.lg.LgTraceTest@32177fa5]" name="print_ctor_2" duration-ms="0" started-at="2022-02-15T03:20:47 VLAT" finished-at="2022-02-15T03:20:47 VLAT">
          <reporter-output>
          </reporter-output>
        </test-method> <!-- print_ctor_2 -->
        <test-method status="PASS" signature="print_ctor_22()[pri:0, instance:com.github.viise.zhurnal.lg.LgTraceTest@32177fa5]" name="print_ctor_22" duration-ms="0" started-at="2022-02-15T03:20:47 VLAT" finished-at="2022-02-15T03:20:47 VLAT">
          <reporter-output>
          </reporter-output>
        </test-method> <!-- print_ctor_22 -->
        <test-method status="PASS" signature="print_ctor_20()[pri:0, instance:com.github.viise.zhurnal.lg.LgTraceTest@32177fa5]" name="print_ctor_20" duration-ms="0" started-at="2022-02-15T03:20:47 VLAT" finished-at="2022-02-15T03:20:47 VLAT">
          <reporter-output>
          </reporter-output>
        </test-method> <!-- print_ctor_20 -->
        <test-method status="PASS" signature="print_ctor_21()[pri:0, instance:com.github.viise.zhurnal.lg.LgTraceTest@32177fa5]" name="print_ctor_21" duration-ms="0" started-at="2022-02-15T03:20:47 VLAT" finished-at="2022-02-15T03:20:47 VLAT">
          <reporter-output>
          </reporter-output>
        </test-method> <!-- print_ctor_21 -->
        <test-method status="PASS" signature="print_ctor_3()[pri:0, instance:com.github.viise.zhurnal.lg.LgTraceTest@32177fa5]" name="print_ctor_3" duration-ms="0" started-at="2022-02-15T03:20:47 VLAT" finished-at="2022-02-15T03:20:47 VLAT">
          <reporter-output>
          </reporter-output>
        </test-method> <!-- print_ctor_3 -->
        <test-method status="PASS" signature="print_ctor_5()[pri:0, instance:com.github.viise.zhurnal.lg.LgTraceTest@32177fa5]" name="print_ctor_5" duration-ms="1" started-at="2022-02-15T03:20:47 VLAT" finished-at="2022-02-15T03:20:47 VLAT">
          <reporter-output>
          </reporter-output>
        </test-method> <!-- print_ctor_5 -->
        <test-method status="PASS" signature="print_ctor_4()[pri:0, instance:com.github.viise.zhurnal.lg.LgTraceTest@32177fa5]" name="print_ctor_4" duration-ms="0" started-at="2022-02-15T03:20:47 VLAT" finished-at="2022-02-15T03:20:47 VLAT">
          <reporter-output>
          </reporter-output>
        </test-method> <!-- print_ctor_4 -->
        <test-method status="PASS" signature="print_ctor_6()[pri:0, instance:com.github.viise.zhurnal.lg.LgTraceTest@32177fa5]" name="print_ctor_6" duration-ms="0" started-at="2022-02-15T03:20:47 VLAT" finished-at="2022-02-15T03:20:47 VLAT">
          <reporter-output>
          </reporter-output>
        </test-method> <!-- print_ctor_6 -->
        <test-method status="PASS" signature="print_ctor_7()[pri:0, instance:com.github.viise.zhurnal.lg.LgTraceTest@32177fa5]" name="print_ctor_7" duration-ms="0" started-at="2022-02-15T03:20:47 VLAT" finished-at="2022-02-15T03:20:47 VLAT">
          <reporter-output>
          </reporter-output>
        </test-method> <!-- print_ctor_7 -->
        <test-method status="PASS" signature="print_ctor_8()[pri:0, instance:com.github.viise.zhurnal.lg.LgTraceTest@32177fa5]" name="print_ctor_8" duration-ms="1" started-at="2022-02-15T03:20:47 VLAT" finished-at="2022-02-15T03:20:47 VLAT">
          <reporter-output>
          </reporter-output>
        </test-method> <!-- print_ctor_8 -->
        <test-method status="PASS" signature="print_ctor_9()[pri:0, instance:com.github.viise.zhurnal.lg.LgTraceTest@32177fa5]" name="print_ctor_9" duration-ms="0" started-at="2022-02-15T03:20:47 VLAT" finished-at="2022-02-15T03:20:47 VLAT">
          <reporter-output>
          </reporter-output>
        </test-method> <!-- print_ctor_9 -->
      </class> <!-- com.github.viise.zhurnal.lg.LgTraceTest -->
      <class name="com.github.viise.zhurnal.lg.LgWarnTest">
        <test-method status="PASS" signature="print()[pri:0, instance:com.github.viise.zhurnal.lg.LgWarnTest@a96d56c]" name="print" duration-ms="1" started-at="2022-02-15T03:20:47 VLAT" finished-at="2022-02-15T03:20:47 VLAT">
          <reporter-output>
          </reporter-output>
        </test-method> <!-- print -->
        <test-method status="PASS" signature="print_ctor_1()[pri:0, instance:com.github.viise.zhurnal.lg.LgWarnTest@a96d56c]" name="print_ctor_1" duration-ms="0" started-at="2022-02-15T03:20:47 VLAT" finished-at="2022-02-15T03:20:47 VLAT">
          <reporter-output>
          </reporter-output>
        </test-method> <!-- print_ctor_1 -->
        <test-method status="PASS" signature="print_ctor_12()[pri:0, instance:com.github.viise.zhurnal.lg.LgWarnTest@a96d56c]" name="print_ctor_12" duration-ms="1" started-at="2022-02-15T03:20:47 VLAT" finished-at="2022-02-15T03:20:47 VLAT">
          <reporter-output>
          </reporter-output>
        </test-method> <!-- print_ctor_12 -->
        <test-method status="PASS" signature="print_ctor_11()[pri:0, instance:com.github.viise.zhurnal.lg.LgWarnTest@a96d56c]" name="print_ctor_11" duration-ms="0" started-at="2022-02-15T03:20:47 VLAT" finished-at="2022-02-15T03:20:47 VLAT">
          <reporter-output>
          </reporter-output>
        </test-method> <!-- print_ctor_11 -->
        <test-method status="PASS" signature="print_ctor_10()[pri:0, instance:com.github.viise.zhurnal.lg.LgWarnTest@a96d56c]" name="print_ctor_10" duration-ms="0" started-at="2022-02-15T03:20:47 VLAT" finished-at="2022-02-15T03:20:47 VLAT">
          <reporter-output>
          </reporter-output>
        </test-method> <!-- print_ctor_10 -->
        <test-method status="PASS" signature="print_ctor_13()[pri:0, instance:com.github.viise.zhurnal.lg.LgWarnTest@a96d56c]" name="print_ctor_13" duration-ms="0" started-at="2022-02-15T03:20:47 VLAT" finished-at="2022-02-15T03:20:47 VLAT">
          <reporter-output>
          </reporter-output>
        </test-method> <!-- print_ctor_13 -->
        <test-method status="PASS" signature="print_ctor_14()[pri:0, instance:com.github.viise.zhurnal.lg.LgWarnTest@a96d56c]" name="print_ctor_14" duration-ms="0" started-at="2022-02-15T03:20:47 VLAT" finished-at="2022-02-15T03:20:47 VLAT">
          <reporter-output>
          </reporter-output>
        </test-method> <!-- print_ctor_14 -->
        <test-method status="PASS" signature="print_ctor_16()[pri:0, instance:com.github.viise.zhurnal.lg.LgWarnTest@a96d56c]" name="print_ctor_16" duration-ms="0" started-at="2022-02-15T03:20:47 VLAT" finished-at="2022-02-15T03:20:47 VLAT">
          <reporter-output>
          </reporter-output>
        </test-method> <!-- print_ctor_16 -->
        <test-method status="PASS" signature="print_ctor_15()[pri:0, instance:com.github.viise.zhurnal.lg.LgWarnTest@a96d56c]" name="print_ctor_15" duration-ms="0" started-at="2022-02-15T03:20:47 VLAT" finished-at="2022-02-15T03:20:47 VLAT">
          <reporter-output>
          </reporter-output>
        </test-method> <!-- print_ctor_15 -->
        <test-method status="PASS" signature="print_ctor_17()[pri:0, instance:com.github.viise.zhurnal.lg.LgWarnTest@a96d56c]" name="print_ctor_17" duration-ms="0" started-at="2022-02-15T03:20:47 VLAT" finished-at="2022-02-15T03:20:47 VLAT">
          <reporter-output>
          </reporter-output>
        </test-method> <!-- print_ctor_17 -->
        <test-method status="PASS" signature="print_ctor_18()[pri:0, instance:com.github.viise.zhurnal.lg.LgWarnTest@a96d56c]" name="print_ctor_18" duration-ms="0" started-at="2022-02-15T03:20:47 VLAT" finished-at="2022-02-15T03:20:47 VLAT">
          <reporter-output>
          </reporter-output>
        </test-method> <!-- print_ctor_18 -->
        <test-method status="PASS" signature="print_ctor_19()[pri:0, instance:com.github.viise.zhurnal.lg.LgWarnTest@a96d56c]" name="print_ctor_19" duration-ms="1" started-at="2022-02-15T03:20:47 VLAT" finished-at="2022-02-15T03:20:47 VLAT">
          <reporter-output>
          </reporter-output>
        </test-method> <!-- print_ctor_19 -->
        <test-method status="PASS" signature="print_ctor_2()[pri:0, instance:com.github.viise.zhurnal.lg.LgWarnTest@a96d56c]" name="print_ctor_2" duration-ms="0" started-at="2022-02-15T03:20:47 VLAT" finished-at="2022-02-15T03:20:47 VLAT">
          <reporter-output>
          </reporter-output>
        </test-method> <!-- print_ctor_2 -->
        <test-method status="PASS" signature="print_ctor_20()[pri:0, instance:com.github.viise.zhurnal.lg.LgWarnTest@a96d56c]" name="print_ctor_20" duration-ms="0" started-at="2022-02-15T03:20:47 VLAT" finished-at="2022-02-15T03:20:47 VLAT">
          <reporter-output>
          </reporter-output>
        </test-method> <!-- print_ctor_20 -->
        <test-method status="PASS" signature="print_ctor_1_fullName()[pri:0, instance:com.github.viise.zhurnal.lg.LgWarnTest@a96d56c]" name="print_ctor_1_fullName" duration-ms="0" started-at="2022-02-15T03:20:47 VLAT" finished-at="2022-02-15T03:20:47 VLAT">
          <reporter-output>
          </reporter-output>
        </test-method> <!-- print_ctor_1_fullName -->
        <test-method status="PASS" signature="print_ctor_21()[pri:0, instance:com.github.viise.zhurnal.lg.LgWarnTest@a96d56c]" name="print_ctor_21" duration-ms="1" started-at="2022-02-15T03:20:47 VLAT" finished-at="2022-02-15T03:20:47 VLAT">
          <reporter-output>
          </reporter-output>
        </test-method> <!-- print_ctor_21 -->
        <test-method status="PASS" signature="print_ctor_4()[pri:0, instance:com.github.viise.zhurnal.lg.LgWarnTest@a96d56c]" name="print_ctor_4" duration-ms="0" started-at="2022-02-15T03:20:47 VLAT" finished-at="2022-02-15T03:20:47 VLAT">
          <reporter-output>
          </reporter-output>
        </test-method> <!-- print_ctor_4 -->
        <test-method status="PASS" signature="print_ctor_5()[pri:0, instance:com.github.viise.zhurnal.lg.LgWarnTest@a96d56c]" name="print_ctor_5" duration-ms="1" started-at="2022-02-15T03:20:47 VLAT" finished-at="2022-02-15T03:20:47 VLAT">
          <reporter-output>
          </reporter-output>
        </test-method> <!-- print_ctor_5 -->
        <test-method status="PASS" signature="print_ctor_22()[pri:0, instance:com.github.viise.zhurnal.lg.LgWarnTest@a96d56c]" name="print_ctor_22" duration-ms="0" started-at="2022-02-15T03:20:47 VLAT" finished-at="2022-02-15T03:20:47 VLAT">
          <reporter-output>
          </reporter-output>
        </test-method> <!-- print_ctor_22 -->
        <test-method status="PASS" signature="print_ctor_3()[pri:0, instance:com.github.viise.zhurnal.lg.LgWarnTest@a96d56c]" name="print_ctor_3" duration-ms="0" started-at="2022-02-15T03:20:47 VLAT" finished-at="2022-02-15T03:20:47 VLAT">
          <reporter-output>
          </reporter-output>
        </test-method> <!-- print_ctor_3 -->
        <test-method status="PASS" signature="print_ctor_8()[pri:0, instance:com.github.viise.zhurnal.lg.LgWarnTest@a96d56c]" name="print_ctor_8" duration-ms="1" started-at="2022-02-15T03:20:47 VLAT" finished-at="2022-02-15T03:20:47 VLAT">
          <reporter-output>
          </reporter-output>
        </test-method> <!-- print_ctor_8 -->
        <test-method status="PASS" signature="print_ctor_6()[pri:0, instance:com.github.viise.zhurnal.lg.LgWarnTest@a96d56c]" name="print_ctor_6" duration-ms="0" started-at="2022-02-15T03:20:47 VLAT" finished-at="2022-02-15T03:20:47 VLAT">
          <reporter-output>
          </reporter-output>
        </test-method> <!-- print_ctor_6 -->
        <test-method status="PASS" signature="print_ctor_7()[pri:0, instance:com.github.viise.zhurnal.lg.LgWarnTest@a96d56c]" name="print_ctor_7" duration-ms="0" started-at="2022-02-15T03:20:47 VLAT" finished-at="2022-02-15T03:20:47 VLAT">
          <reporter-output>
          </reporter-output>
        </test-method> <!-- print_ctor_7 -->
        <test-method status="PASS" signature="print_ctor_9()[pri:0, instance:com.github.viise.zhurnal.lg.LgWarnTest@a96d56c]" name="print_ctor_9" duration-ms="0" started-at="2022-02-15T03:20:47 VLAT" finished-at="2022-02-15T03:20:47 VLAT">
          <reporter-output>
          </reporter-output>
        </test-method> <!-- print_ctor_9 -->
      </class> <!-- com.github.viise.zhurnal.lg.LgWarnTest -->
      <class name="com.github.viise.zhurnal.lg.LgDebugTest">
        <test-method status="PASS" signature="print()[pri:0, instance:com.github.viise.zhurnal.lg.LgDebugTest@4cbc2e3b]" name="print" duration-ms="2" started-at="2022-02-15T03:20:47 VLAT" finished-at="2022-02-15T03:20:47 VLAT">
          <reporter-output>
          </reporter-output>
        </test-method> <!-- print -->
        <test-method status="PASS" signature="print_ctor_1()[pri:0, instance:com.github.viise.zhurnal.lg.LgDebugTest@4cbc2e3b]" name="print_ctor_1" duration-ms="1" started-at="2022-02-15T03:20:47 VLAT" finished-at="2022-02-15T03:20:47 VLAT">
          <reporter-output>
          </reporter-output>
        </test-method> <!-- print_ctor_1 -->
        <test-method status="PASS" signature="print_ctor_10()[pri:0, instance:com.github.viise.zhurnal.lg.LgDebugTest@4cbc2e3b]" name="print_ctor_10" duration-ms="0" started-at="2022-02-15T03:20:47 VLAT" finished-at="2022-02-15T03:20:47 VLAT">
          <reporter-output>
          </reporter-output>
        </test-method> <!-- print_ctor_10 -->
        <test-method status="PASS" signature="print_ctor_12()[pri:0, instance:com.github.viise.zhurnal.lg.LgDebugTest@4cbc2e3b]" name="print_ctor_12" duration-ms="0" started-at="2022-02-15T03:20:47 VLAT" finished-at="2022-02-15T03:20:47 VLAT">
          <reporter-output>
          </reporter-output>
        </test-method> <!-- print_ctor_12 -->
        <test-method status="PASS" signature="print_ctor_11()[pri:0, instance:com.github.viise.zhurnal.lg.LgDebugTest@4cbc2e3b]" name="print_ctor_11" duration-ms="0" started-at="2022-02-15T03:20:47 VLAT" finished-at="2022-02-15T03:20:47 VLAT">
          <reporter-output>
          </reporter-output>
        </test-method> <!-- print_ctor_11 -->
        <test-method status="PASS" signature="print_ctor_14()[pri:0, instance:com.github.viise.zhurnal.lg.LgDebugTest@4cbc2e3b]" name="print_ctor_14" duration-ms="0" started-at="2022-02-15T03:20:47 VLAT" finished-at="2022-02-15T03:20:47 VLAT">
          <reporter-output>
          </reporter-output>
        </test-method> <!-- print_ctor_14 -->
        <test-method status="PASS" signature="print_ctor_13()[pri:0, instance:com.github.viise.zhurnal.lg.LgDebugTest@4cbc2e3b]" name="print_ctor_13" duration-ms="0" started-at="2022-02-15T03:20:47 VLAT" finished-at="2022-02-15T03:20:47 VLAT">
          <reporter-output>
          </reporter-output>
        </test-method> <!-- print_ctor_13 -->
        <test-method status="PASS" signature="print_ctor_15()[pri:0, instance:com.github.viise.zhurnal.lg.LgDebugTest@4cbc2e3b]" name="print_ctor_15" duration-ms="0" started-at="2022-02-15T03:20:47 VLAT" finished-at="2022-02-15T03:20:47 VLAT">
          <reporter-output>
          </reporter-output>
        </test-method> <!-- print_ctor_15 -->
        <test-method status="PASS" signature="print_ctor_16()[pri:0, instance:com.github.viise.zhurnal.lg.LgDebugTest@4cbc2e3b]" name="print_ctor_16" duration-ms="0" started-at="2022-02-15T03:20:47 VLAT" finished-at="2022-02-15T03:20:47 VLAT">
          <reporter-output>
          </reporter-output>
        </test-method> <!-- print_ctor_16 -->
        <test-method status="PASS" signature="print_ctor_17()[pri:0, instance:com.github.viise.zhurnal.lg.LgDebugTest@4cbc2e3b]" name="print_ctor_17" duration-ms="1" started-at="2022-02-15T03:20:47 VLAT" finished-at="2022-02-15T03:20:47 VLAT">
          <reporter-output>
          </reporter-output>
        </test-method> <!-- print_ctor_17 -->
        <test-method status="PASS" signature="print_ctor_18()[pri:0, instance:com.github.viise.zhurnal.lg.LgDebugTest@4cbc2e3b]" name="print_ctor_18" duration-ms="0" started-at="2022-02-15T03:20:47 VLAT" finished-at="2022-02-15T03:20:47 VLAT">
          <reporter-output>
          </reporter-output>
        </test-method> <!-- print_ctor_18 -->
        <test-method status="PASS" signature="print_ctor_19()[pri:0, instance:com.github.viise.zhurnal.lg.LgDebugTest@4cbc2e3b]" name="print_ctor_19" duration-ms="0" started-at="2022-02-15T03:20:47 VLAT" finished-at="2022-02-15T03:20:47 VLAT">
          <reporter-output>
          </reporter-output>
        </test-method> <!-- print_ctor_19 -->
        <test-method status="PASS" signature="print_ctor_1_fullName()[pri:0, instance:com.github.viise.zhurnal.lg.LgDebugTest@4cbc2e3b]" name="print_ctor_1_fullName" duration-ms="0" started-at="2022-02-15T03:20:47 VLAT" finished-at="2022-02-15T03:20:47 VLAT">
          <reporter-output>
          </reporter-output>
        </test-method> <!-- print_ctor_1_fullName -->
        <test-method status="PASS" signature="print_ctor_21()[pri:0, instance:com.github.viise.zhurnal.lg.LgDebugTest@4cbc2e3b]" name="print_ctor_21" duration-ms="1" started-at="2022-02-15T03:20:47 VLAT" finished-at="2022-02-15T03:20:47 VLAT">
          <reporter-output>
          </reporter-output>
        </test-method> <!-- print_ctor_21 -->
        <test-method status="PASS" signature="print_ctor_20()[pri:0, instance:com.github.viise.zhurnal.lg.LgDebugTest@4cbc2e3b]" name="print_ctor_20" duration-ms="0" started-at="2022-02-15T03:20:47 VLAT" finished-at="2022-02-15T03:20:47 VLAT">
          <reporter-output>
          </reporter-output>
        </test-method> <!-- print_ctor_20 -->
        <test-method status="PASS" signature="print_ctor_2()[pri:0, instance:com.github.viise.zhurnal.lg.LgDebugTest@4cbc2e3b]" name="print_ctor_2" duration-ms="0" started-at="2022-02-15T03:20:47 VLAT" finished-at="2022-02-15T03:20:47 VLAT">
          <reporter-output>
          </reporter-output>
        </test-method> <!-- print_ctor_2 -->
        <test-method status="PASS" signature="print_ctor_22()[pri:0, instance:com.github.viise.zhurnal.lg.LgDebugTest@4cbc2e3b]" name="print_ctor_22" duration-ms="0" started-at="2022-02-15T03:20:47 VLAT" finished-at="2022-02-15T03:20:47 VLAT">
          <reporter-output>
          </reporter-output>
        </test-method> <!-- print_ctor_22 -->
        <test-method status="PASS" signature="print_ctor_4()[pri:0, instance:com.github.viise.zhurnal.lg.LgDebugTest@4cbc2e3b]" name="print_ctor_4" duration-ms="1" started-at="2022-02-15T03:20:47 VLAT" finished-at="2022-02-15T03:20:47 VLAT">
          <reporter-output>
          </reporter-output>
        </test-method> <!-- print_ctor_4 -->
        <test-method status="PASS" signature="print_ctor_3()[pri:0, instance:com.github.viise.zhurnal.lg.LgDebugTest@4cbc2e3b]" name="print_ctor_3" duration-ms="0" started-at="2022-02-15T03:20:47 VLAT" finished-at="2022-02-15T03:20:47 VLAT">
          <reporter-output>
          </reporter-output>
        </test-method> <!-- print_ctor_3 -->
        <test-method status="PASS" signature="print_ctor_5()[pri:0, instance:com.github.viise.zhurnal.lg.LgDebugTest@4cbc2e3b]" name="print_ctor_5" duration-ms="0" started-at="2022-02-15T03:20:47 VLAT" finished-at="2022-02-15T03:20:47 VLAT">
          <reporter-output>
          </reporter-output>
        </test-method> <!-- print_ctor_5 -->
        <test-method status="PASS" signature="print_ctor_6()[pri:0, instance:com.github.viise.zhurnal.lg.LgDebugTest@4cbc2e3b]" name="print_ctor_6" duration-ms="1" started-at="2022-02-15T03:20:47 VLAT" finished-at="2022-02-15T03:20:47 VLAT">
          <reporter-output>
          </reporter-output>
        </test-method> <!-- print_ctor_6 -->
        <test-method status="PASS" signature="print_ctor_7()[pri:0, instance:com.github.viise.zhurnal.lg.LgDebugTest@4cbc2e3b]" name="print_ctor_7" duration-ms="1" started-at="2022-02-15T03:20:47 VLAT" finished-at="2022-02-15T03:20:47 VLAT">
          <reporter-output>
          </reporter-output>
        </test-method> <!-- print_ctor_7 -->
        <test-method status="PASS" signature="print_ctor_8()[pri:0, instance:com.github.viise.zhurnal.lg.LgDebugTest@4cbc2e3b]" name="print_ctor_8" duration-ms="0" started-at="2022-02-15T03:20:47 VLAT" finished-at="2022-02-15T03:20:47 VLAT">
          <reporter-output>
          </reporter-output>
        </test-method> <!-- print_ctor_8 -->
        <test-method status="PASS" signature="print_ctor_9()[pri:0, instance:com.github.viise.zhurnal.lg.LgDebugTest@4cbc2e3b]" name="print_ctor_9" duration-ms="1" started-at="2022-02-15T03:20:47 VLAT" finished-at="2022-02-15T03:20:47 VLAT">
          <reporter-output>
          </reporter-output>
        </test-method> <!-- print_ctor_9 -->
      </class> <!-- com.github.viise.zhurnal.lg.LgDebugTest -->
      <class name="com.github.viise.zhurnal.lg.LgErrorTest">
        <test-method status="PASS" signature="print()[pri:0, instance:com.github.viise.zhurnal.lg.LgErrorTest@2975a9e]" name="print" duration-ms="1" started-at="2022-02-15T03:20:47 VLAT" finished-at="2022-02-15T03:20:47 VLAT">
          <reporter-output>
          </reporter-output>
        </test-method> <!-- print -->
        <test-method status="PASS" signature="print_ctor_1()[pri:0, instance:com.github.viise.zhurnal.lg.LgErrorTest@2975a9e]" name="print_ctor_1" duration-ms="0" started-at="2022-02-15T03:20:47 VLAT" finished-at="2022-02-15T03:20:47 VLAT">
          <reporter-output>
          </reporter-output>
        </test-method> <!-- print_ctor_1 -->
        <test-method status="PASS" signature="print_ctor_10()[pri:0, instance:com.github.viise.zhurnal.lg.LgErrorTest@2975a9e]" name="print_ctor_10" duration-ms="0" started-at="2022-02-15T03:20:47 VLAT" finished-at="2022-02-15T03:20:47 VLAT">
          <reporter-output>
          </reporter-output>
        </test-method> <!-- print_ctor_10 -->
        <test-method status="PASS" signature="print_ctor_13()[pri:0, instance:com.github.viise.zhurnal.lg.LgErrorTest@2975a9e]" name="print_ctor_13" duration-ms="1" started-at="2022-02-15T03:20:47 VLAT" finished-at="2022-02-15T03:20:47 VLAT">
          <reporter-output>
          </reporter-output>
        </test-method> <!-- print_ctor_13 -->
        <test-method status="PASS" signature="print_ctor_11()[pri:0, instance:com.github.viise.zhurnal.lg.LgErrorTest@2975a9e]" name="print_ctor_11" duration-ms="0" started-at="2022-02-15T03:20:47 VLAT" finished-at="2022-02-15T03:20:47 VLAT">
          <reporter-output>
          </reporter-output>
        </test-method> <!-- print_ctor_11 -->
        <test-method status="PASS" signature="print_ctor_12()[pri:0, instance:com.github.viise.zhurnal.lg.LgErrorTest@2975a9e]" name="print_ctor_12" duration-ms="0" started-at="2022-02-15T03:20:47 VLAT" finished-at="2022-02-15T03:20:47 VLAT">
          <reporter-output>
          </reporter-output>
        </test-method> <!-- print_ctor_12 -->
        <test-method status="PASS" signature="print_ctor_15()[pri:0, instance:com.github.viise.zhurnal.lg.LgErrorTest@2975a9e]" name="print_ctor_15" duration-ms="0" started-at="2022-02-15T03:20:47 VLAT" finished-at="2022-02-15T03:20:47 VLAT">
          <reporter-output>
          </reporter-output>
        </test-method> <!-- print_ctor_15 -->
        <test-method status="PASS" signature="print_ctor_14()[pri:0, instance:com.github.viise.zhurnal.lg.LgErrorTest@2975a9e]" name="print_ctor_14" duration-ms="0" started-at="2022-02-15T03:20:47 VLAT" finished-at="2022-02-15T03:20:47 VLAT">
          <reporter-output>
          </reporter-output>
        </test-method> <!-- print_ctor_14 -->
        <test-method status="PASS" signature="print_ctor_16()[pri:0, instance:com.github.viise.zhurnal.lg.LgErrorTest@2975a9e]" name="print_ctor_16" duration-ms="1" started-at="2022-02-15T03:20:47 VLAT" finished-at="2022-02-15T03:20:47 VLAT">
          <reporter-output>
          </reporter-output>
        </test-method> <!-- print_ctor_16 -->
        <test-method status="PASS" signature="print_ctor_17()[pri:0, instance:com.github.viise.zhurnal.lg.LgErrorTest@2975a9e]" name="print_ctor_17" duration-ms="0" started-at="2022-02-15T03:20:47 VLAT" finished-at="2022-02-15T03:20:47 VLAT">
          <reporter-output>
          </reporter-output>
        </test-method> <!-- print_ctor_17 -->
        <test-method status="PASS" signature="print_ctor_18()[pri:0, instance:com.github.viise.zhurnal.lg.LgErrorTest@2975a9e]" name="print_ctor_18" duration-ms="0" started-at="2022-02-15T03:20:47 VLAT" finished-at="2022-02-15T03:20:47 VLAT">
          <reporter-output>
          </reporter-output>
        </test-method> <!-- print_ctor_18 -->
        <test-method status="PASS" signature="print_ctor_1_fullName()[pri:0, instance:com.github.viise.zhurnal.lg.LgErrorTest@2975a9e]" name="print_ctor_1_fullName" duration-ms="1" started-at="2022-02-15T03:20:47 VLAT" finished-at="2022-02-15T03:20:47 VLAT">
          <reporter-output>
          </reporter-output>
        </test-method> <!-- print_ctor_1_fullName -->
        <test-method status="PASS" signature="print_ctor_19()[pri:0, instance:com.github.viise.zhurnal.lg.LgErrorTest@2975a9e]" name="print_ctor_19" duration-ms="0" started-at="2022-02-15T03:20:47 VLAT" finished-at="2022-02-15T03:20:47 VLAT">
          <reporter-output>
          </reporter-output>
        </test-method> <!-- print_ctor_19 -->
        <test-method status="PASS" signature="print_ctor_20()[pri:0, instance:com.github.viise.zhurnal.lg.LgErrorTest@2975a9e]" name="print_ctor_20" duration-ms="0" started-at="2022-02-15T03:20:47 VLAT" finished-at="2022-02-15T03:20:47 VLAT">
          <reporter-output>
          </reporter-output>
        </test-method> <!-- print_ctor_20 -->
        <test-method status="PASS" signature="print_ctor_2()[pri:0, instance:com.github.viise.zhurnal.lg.LgErrorTest@2975a9e]" name="print_ctor_2" duration-ms="0" started-at="2022-02-15T03:20:47 VLAT" finished-at="2022-02-15T03:20:47 VLAT">
          <reporter-output>
          </reporter-output>
        </test-method> <!-- print_ctor_2 -->
        <test-method status="PASS" signature="print_ctor_21()[pri:0, instance:com.github.viise.zhurnal.lg.LgErrorTest@2975a9e]" name="print_ctor_21" duration-ms="1" started-at="2022-02-15T03:20:47 VLAT" finished-at="2022-02-15T03:20:47 VLAT">
          <reporter-output>
          </reporter-output>
        </test-method> <!-- print_ctor_21 -->
        <test-method status="PASS" signature="print_ctor_22()[pri:0, instance:com.github.viise.zhurnal.lg.LgErrorTest@2975a9e]" name="print_ctor_22" duration-ms="0" started-at="2022-02-15T03:20:47 VLAT" finished-at="2022-02-15T03:20:47 VLAT">
          <reporter-output>
          </reporter-output>
        </test-method> <!-- print_ctor_22 -->
        <test-method status="PASS" signature="print_ctor_3()[pri:0, instance:com.github.viise.zhurnal.lg.LgErrorTest@2975a9e]" name="print_ctor_3" duration-ms="0" started-at="2022-02-15T03:20:47 VLAT" finished-at="2022-02-15T03:20:47 VLAT">
          <reporter-output>
          </reporter-output>
        </test-method> <!-- print_ctor_3 -->
        <test-method status="PASS" signature="print_ctor_4()[pri:0, instance:com.github.viise.zhurnal.lg.LgErrorTest@2975a9e]" name="print_ctor_4" duration-ms="1" started-at="2022-02-15T03:20:47 VLAT" finished-at="2022-02-15T03:20:47 VLAT">
          <reporter-output>
          </reporter-output>
        </test-method> <!-- print_ctor_4 -->
        <test-method status="PASS" signature="print_ctor_5()[pri:0, instance:com.github.viise.zhurnal.lg.LgErrorTest@2975a9e]" name="print_ctor_5" duration-ms="0" started-at="2022-02-15T03:20:47 VLAT" finished-at="2022-02-15T03:20:47 VLAT">
          <reporter-output>
          </reporter-output>
        </test-method> <!-- print_ctor_5 -->
        <test-method status="PASS" signature="print_ctor_6()[pri:0, instance:com.github.viise.zhurnal.lg.LgErrorTest@2975a9e]" name="print_ctor_6" duration-ms="0" started-at="2022-02-15T03:20:47 VLAT" finished-at="2022-02-15T03:20:47 VLAT">
          <reporter-output>
          </reporter-output>
        </test-method> <!-- print_ctor_6 -->
        <test-method status="PASS" signature="print_ctor_7()[pri:0, instance:com.github.viise.zhurnal.lg.LgErrorTest@2975a9e]" name="print_ctor_7" duration-ms="1" started-at="2022-02-15T03:20:47 VLAT" finished-at="2022-02-15T03:20:47 VLAT">
          <reporter-output>
          </reporter-output>
        </test-method> <!-- print_ctor_7 -->
        <test-method status="PASS" signature="print_ctor_9()[pri:0, instance:com.github.viise.zhurnal.lg.LgErrorTest@2975a9e]" name="print_ctor_9" duration-ms="0" started-at="2022-02-15T03:20:47 VLAT" finished-at="2022-02-15T03:20:47 VLAT">
          <reporter-output>
          </reporter-output>
        </test-method> <!-- print_ctor_9 -->
        <test-method status="PASS" signature="print_ctor_8()[pri:0, instance:com.github.viise.zhurnal.lg.LgErrorTest@2975a9e]" name="print_ctor_8" duration-ms="0" started-at="2022-02-15T03:20:47 VLAT" finished-at="2022-02-15T03:20:47 VLAT">
          <reporter-output>
          </reporter-output>
        </test-method> <!-- print_ctor_8 -->
      </class> <!-- com.github.viise.zhurnal.lg.LgErrorTest -->
      <class name="com.github.viise.zhurnal.lg.LgConsoleTest">
        <test-method status="PASS" signature="print()[pri:0, instance:com.github.viise.zhurnal.lg.LgConsoleTest@3722c145]" name="print" duration-ms="0" started-at="2022-02-15T03:20:47 VLAT" finished-at="2022-02-15T03:20:47 VLAT">
          <reporter-output>
          </reporter-output>
        </test-method> <!-- print -->
      </class> <!-- com.github.viise.zhurnal.lg.LgConsoleTest -->
    </test> <!-- LogTest -->
  </suite> <!-- Log -->
  <suite name="Template" duration-ms="16" started-at="2022-02-15T03:20:47 VLAT" finished-at="2022-02-15T03:20:47 VLAT">
    <groups>
    </groups>
    <test name="TemplateTest" duration-ms="16" started-at="2022-02-15T03:20:47 VLAT" finished-at="2022-02-15T03:20:47 VLAT">
      <class name="com.github.viise.zhurnal.tml.TmlMsgTest">
        <test-method status="PASS" signature="create()[pri:0, instance:com.github.viise.zhurnal.tml.TmlMsgTest@28237492]" name="create" duration-ms="0" started-at="2022-02-15T03:20:47 VLAT" finished-at="2022-02-15T03:20:47 VLAT">
          <reporter-output>
          </reporter-output>
        </test-method> <!-- create -->
        <test-method status="PASS" signature="create_list()[pri:0, instance:com.github.viise.zhurnal.tml.TmlMsgTest@28237492]" name="create_list" duration-ms="1" started-at="2022-02-15T03:20:47 VLAT" finished-at="2022-02-15T03:20:47 VLAT">
          <reporter-output>
          </reporter-output>
        </test-method> <!-- create_list -->
        <test-method status="PASS" signature="create_nullParams()[pri:0, instance:com.github.viise.zhurnal.tml.TmlMsgTest@28237492]" name="create_nullParams" duration-ms="0" started-at="2022-02-15T03:20:47 VLAT" finished-at="2022-02-15T03:20:47 VLAT">
          <reporter-output>
          </reporter-output>
        </test-method> <!-- create_nullParams -->
        <test-method status="PASS" signature="create_nullMsg()[pri:0, instance:com.github.viise.zhurnal.tml.TmlMsgTest@28237492]" name="create_nullMsg" duration-ms="0" started-at="2022-02-15T03:20:47 VLAT" finished-at="2022-02-15T03:20:47 VLAT">
          <reporter-output>
          </reporter-output>
        </test-method> <!-- create_nullMsg -->
        <test-method status="PASS" signature="create_tooManyParams()[pri:0, instance:com.github.viise.zhurnal.tml.TmlMsgTest@28237492]" name="create_tooManyParams" duration-ms="0" started-at="2022-02-15T03:20:47 VLAT" finished-at="2022-02-15T03:20:47 VLAT">
          <reporter-output>
          </reporter-output>
        </test-method> <!-- create_tooManyParams -->
        <test-method status="PASS" signature="create_withoutParams()[pri:0, instance:com.github.viise.zhurnal.tml.TmlMsgTest@28237492]" name="create_withoutParams" duration-ms="0" started-at="2022-02-15T03:20:47 VLAT" finished-at="2022-02-15T03:20:47 VLAT">
          <reporter-output>
          </reporter-output>
        </test-method> <!-- create_withoutParams -->
        <test-method status="PASS" signature="create_tooManyTemplates()[pri:0, instance:com.github.viise.zhurnal.tml.TmlMsgTest@28237492]" name="create_tooManyTemplates" duration-ms="0" started-at="2022-02-15T03:20:47 VLAT" finished-at="2022-02-15T03:20:47 VLAT">
          <reporter-output>
          </reporter-output>
        </test-method> <!-- create_tooManyTemplates -->
      </class> <!-- com.github.viise.zhurnal.tml.TmlMsgTest -->
      <class name="com.github.viise.zhurnal.tml.TmlTraceTest">
        <test-method status="PASS" signature="create()[pri:0, instance:com.github.viise.zhurnal.tml.TmlTraceTest@1b5a1d85]" name="create" duration-ms="0" started-at="2022-02-15T03:20:47 VLAT" finished-at="2022-02-15T03:20:47 VLAT">
          <reporter-output>
          </reporter-output>
        </test-method> <!-- create -->
      </class> <!-- com.github.viise.zhurnal.tml.TmlTraceTest -->
      <class name="com.github.viise.zhurnal.tml.TmlSqlTest">
        <test-method status="PASS" signature="create()[pri:0, instance:com.github.viise.zhurnal.tml.TmlSqlTest@7da31a40]" name="create" duration-ms="0" started-at="2022-02-15T03:20:47 VLAT" finished-at="2022-02-15T03:20:47 VLAT">
          <reporter-output>
          </reporter-output>
        </test-method> <!-- create -->
        <test-method status="PASS" signature="create_fromException()[pri:0, instance:com.github.viise.zhurnal.tml.TmlSqlTest@7da31a40]" name="create_fromException" duration-ms="1" started-at="2022-02-15T03:20:47 VLAT" finished-at="2022-02-15T03:20:47 VLAT">
          <reporter-output>
          </reporter-output>
        </test-method> <!-- create_fromException -->
        <test-method status="PASS" signature="create_allNull()[pri:0, instance:com.github.viise.zhurnal.tml.TmlSqlTest@7da31a40]" name="create_allNull" duration-ms="0" started-at="2022-02-15T03:20:47 VLAT" finished-at="2022-02-15T03:20:47 VLAT">
          <reporter-output>
          </reporter-output>
        </test-method> <!-- create_allNull -->
      </class> <!-- com.github.viise.zhurnal.tml.TmlSqlTest -->
      <class name="com.github.viise.zhurnal.tml.TmlHttpTest">
        <test-method status="PASS" signature="create_nullEndpoint()[pri:0, instance:com.github.viise.zhurnal.tml.TmlHttpTest@403c3a01]" name="create_nullEndpoint" duration-ms="0" started-at="2022-02-15T03:20:47 VLAT" finished-at="2022-02-15T03:20:47 VLAT">
          <reporter-output>
          </reporter-output>
        </test-method> <!-- create_nullEndpoint -->
        <test-method status="PASS" signature="create()[pri:0, instance:com.github.viise.zhurnal.tml.TmlHttpTest@403c3a01]" name="create" duration-ms="0" started-at="2022-02-15T03:20:47 VLAT" finished-at="2022-02-15T03:20:47 VLAT">
          <reporter-output>
          </reporter-output>
        </test-method> <!-- create -->
        <test-method status="PASS" signature="create_nullMethod()[pri:0, instance:com.github.viise.zhurnal.tml.TmlHttpTest@403c3a01]" name="create_nullMethod" duration-ms="0" started-at="2022-02-15T03:20:47 VLAT" finished-at="2022-02-15T03:20:47 VLAT">
          <reporter-output>
          </reporter-output>
        </test-method> <!-- create_nullMethod -->
        <test-method status="PASS" signature="create_nullStatus()[pri:0, instance:com.github.viise.zhurnal.tml.TmlHttpTest@403c3a01]" name="create_nullStatus" duration-ms="0" started-at="2022-02-15T03:20:47 VLAT" finished-at="2022-02-15T03:20:47 VLAT">
          <reporter-output>
          </reporter-output>
        </test-method> <!-- create_nullStatus -->
      </class> <!-- com.github.viise.zhurnal.tml.TmlHttpTest -->
      <class name="com.github.viise.zhurnal.tml.TmlChildTest">
        <test-method status="PASS" signature="create()[pri:0, instance:com.github.viise.zhurnal.tml.TmlChildTest@16a35bd]" name="create" duration-ms="0" started-at="2022-02-15T03:20:47 VLAT" finished-at="2022-02-15T03:20:47 VLAT">
          <reporter-output>
          </reporter-output>
        </test-method> <!-- create -->
        <test-method status="PASS" signature="create_nullName()[pri:0, instance:com.github.viise.zhurnal.tml.TmlChildTest@16a35bd]" name="create_nullName" duration-ms="0" started-at="2022-02-15T03:20:47 VLAT" finished-at="2022-02-15T03:20:47 VLAT">
          <reporter-output>
          </reporter-output>
        </test-method> <!-- create_nullName -->
        <test-method status="PASS" signature="create_nullValue()[pri:0, instance:com.github.viise.zhurnal.tml.TmlChildTest@16a35bd]" name="create_nullValue" duration-ms="0" started-at="2022-02-15T03:20:47 VLAT" finished-at="2022-02-15T03:20:47 VLAT">
          <reporter-output>
          </reporter-output>
        </test-method> <!-- create_nullValue -->
      </class> <!-- com.github.viise.zhurnal.tml.TmlChildTest -->
      <class name="com.github.viise.zhurnal.tml.TmlRootTest">
        <test-method status="PASS" signature="create()[pri:0, instance:com.github.viise.zhurnal.tml.TmlRootTest@5ceecfee]" name="create" duration-ms="0" started-at="2022-02-15T03:20:47 VLAT" finished-at="2022-02-15T03:20:47 VLAT">
          <reporter-output>
          </reporter-output>
        </test-method> <!-- create -->
        <test-method status="PASS" signature="create_list()[pri:0, instance:com.github.viise.zhurnal.tml.TmlRootTest@5ceecfee]" name="create_list" duration-ms="0" started-at="2022-02-15T03:20:47 VLAT" finished-at="2022-02-15T03:20:47 VLAT">
          <reporter-output>
          </reporter-output>
        </test-method> <!-- create_list -->
        <test-method status="PASS" signature="create_nullName()[pri:0, instance:com.github.viise.zhurnal.tml.TmlRootTest@5ceecfee]" name="create_nullName" duration-ms="0" started-at="2022-02-15T03:20:47 VLAT" finished-at="2022-02-15T03:20:47 VLAT">
          <reporter-output>
          </reporter-output>
        </test-method> <!-- create_nullName -->
        <test-method status="PASS" signature="create_nullParams()[pri:0, instance:com.github.viise.zhurnal.tml.TmlRootTest@5ceecfee]" name="create_nullParams" duration-ms="1" started-at="2022-02-15T03:20:47 VLAT" finished-at="2022-02-15T03:20:47 VLAT">
          <reporter-output>
          </reporter-output>
        </test-method> <!-- create_nullParams -->
        <test-method status="PASS" signature="create_withoutChildren()[pri:0, instance:com.github.viise.zhurnal.tml.TmlRootTest@5ceecfee]" name="create_withoutChildren" duration-ms="0" started-at="2022-02-15T03:20:47 VLAT" finished-at="2022-02-15T03:20:47 VLAT">
          <reporter-output>
          </reporter-output>
        </test-method> <!-- create_withoutChildren -->
      </class> <!-- com.github.viise.zhurnal.tml.TmlRootTest -->
      <class name="com.github.viise.zhurnal.tml.TmlClassTest">
        <test-method status="PASS" signature="create_simpleName()[pri:0, instance:com.github.viise.zhurnal.tml.TmlClassTest@ba17be6]" name="create_simpleName" duration-ms="0" started-at="2022-02-15T03:20:47 VLAT" finished-at="2022-02-15T03:20:47 VLAT">
          <reporter-output>
          </reporter-output>
        </test-method> <!-- create_simpleName -->
        <test-method status="PASS" signature="create_nullClass()[pri:0, instance:com.github.viise.zhurnal.tml.TmlClassTest@ba17be6]" name="create_nullClass" duration-ms="0" started-at="2022-02-15T03:20:47 VLAT" finished-at="2022-02-15T03:20:47 VLAT">
          <reporter-output>
          </reporter-output>
        </test-method> <!-- create_nullClass -->
        <test-method status="PASS" signature="create()[pri:0, instance:com.github.viise.zhurnal.tml.TmlClassTest@ba17be6]" name="create" duration-ms="0" started-at="2022-02-15T03:20:47 VLAT" finished-at="2022-02-15T03:20:47 VLAT">
          <reporter-output>
          </reporter-output>
        </test-method> <!-- create -->
      </class> <!-- com.github.viise.zhurnal.tml.TmlClassTest -->
      <class name="com.github.viise.zhurnal.tml.TmlDebugTest">
        <test-method status="PASS" signature="create()[pri:0, instance:com.github.viise.zhurnal.tml.TmlDebugTest@332bcab0]" name="create" duration-ms="1" started-at="2022-02-15T03:20:47 VLAT" finished-at="2022-02-15T03:20:47 VLAT">
          <reporter-output>
          </reporter-output>
        </test-method> <!-- create -->
      </class> <!-- com.github.viise.zhurnal.tml.TmlDebugTest -->
      <class name="com.github.viise.zhurnal.tml.TmlDurationTest">
        <test-method status="PASS" signature="create_customUnit()[pri:0, instance:com.github.viise.zhurnal.tml.TmlDurationTest@633cc6b5]" name="create_customUnit" duration-ms="0" started-at="2022-02-15T03:20:47 VLAT" finished-at="2022-02-15T03:20:47 VLAT">
          <reporter-output>
          </reporter-output>
        </test-method> <!-- create_customUnit -->
        <test-method status="PASS" signature="create()[pri:0, instance:com.github.viise.zhurnal.tml.TmlDurationTest@633cc6b5]" name="create" duration-ms="0" started-at="2022-02-15T03:20:47 VLAT" finished-at="2022-02-15T03:20:47 VLAT">
          <reporter-output>
          </reporter-output>
        </test-method> <!-- create -->
        <test-method status="PASS" signature="create_nullDuration()[pri:0, instance:com.github.viise.zhurnal.tml.TmlDurationTest@633cc6b5]" name="create_nullDuration" duration-ms="1" started-at="2022-02-15T03:20:47 VLAT" finished-at="2022-02-15T03:20:47 VLAT">
          <reporter-output>
          </reporter-output>
        </test-method> <!-- create_nullDuration -->
        <test-method status="PASS" signature="create_nullUnit()[pri:0, instance:com.github.viise.zhurnal.tml.TmlDurationTest@633cc6b5]" name="create_nullUnit" duration-ms="0" started-at="2022-02-15T03:20:47 VLAT" finished-at="2022-02-15T03:20:47 VLAT">
          <reporter-output>
          </reporter-output>
        </test-method> <!-- create_nullUnit -->
      </class> <!-- com.github.viise.zhurnal.tml.TmlDurationTest -->
      <class name="com.github.viise.zhurnal.tml.TmlInfoTest">
        <test-method status="PASS" signature="create()[pri:0, instance:com.github.viise.zhurnal.tml.TmlInfoTest@2daf06fc]" name="create" duration-ms="0" started-at="2022-02-15T03:20:47 VLAT" finished-at="2022-02-15T03:20:47 VLAT">
          <reporter-output>
          </reporter-output>
        </test-method> <!-- create -->
      </class> <!-- com.github.viise.zhurnal.tml.TmlInfoTest -->
      <class name="com.github.viise.zhurnal.tml.TmlBasicTest">
        <test-method status="PASS" signature="create()[pri:0, instance:com.github.viise.zhurnal.tml.TmlBasicTest@4ee25d80]" name="create" duration-ms="0" started-at="2022-02-15T03:20:47 VLAT" finished-at="2022-02-15T03:20:47 VLAT">
          <reporter-output>
          </reporter-output>
        </test-method> <!-- create -->
        <test-method status="PASS" signature="create_null()[pri:0, instance:com.github.viise.zhurnal.tml.TmlBasicTest@4ee25d80]" name="create_null" duration-ms="0" started-at="2022-02-15T03:20:47 VLAT" finished-at="2022-02-15T03:20:47 VLAT">
          <reporter-output>
          </reporter-output>
        </test-method> <!-- create_null -->
      </class> <!-- com.github.viise.zhurnal.tml.TmlBasicTest -->
      <class name="com.github.viise.zhurnal.tml.TmlErrorTest">
        <test-method status="PASS" signature="create()[pri:0, instance:com.github.viise.zhurnal.tml.TmlErrorTest@6342ff7f]" name="create" duration-ms="0" started-at="2022-02-15T03:20:47 VLAT" finished-at="2022-02-15T03:20:47 VLAT">
          <reporter-output>
          </reporter-output>
        </test-method> <!-- create -->
      </class> <!-- com.github.viise.zhurnal.tml.TmlErrorTest -->
      <class name="com.github.viise.zhurnal.tml.TmlDateTimeTest">
        <test-method status="PASS" signature="create()[pri:0, instance:com.github.viise.zhurnal.tml.TmlDateTimeTest@6f798482]" name="create" duration-ms="0" started-at="2022-02-15T03:20:47 VLAT" finished-at="2022-02-15T03:20:47 VLAT">
          <reporter-output>
          </reporter-output>
        </test-method> <!-- create -->
        <test-method status="PASS" signature="create_customPattern()[pri:0, instance:com.github.viise.zhurnal.tml.TmlDateTimeTest@6f798482]" name="create_customPattern" duration-ms="0" started-at="2022-02-15T03:20:47 VLAT" finished-at="2022-02-15T03:20:47 VLAT">
          <reporter-output>
          </reporter-output>
        </test-method> <!-- create_customPattern -->
        <test-method status="PASS" signature="create_customPattern_2()[pri:0, instance:com.github.viise.zhurnal.tml.TmlDateTimeTest@6f798482]" name="create_customPattern_2" duration-ms="0" started-at="2022-02-15T03:20:47 VLAT" finished-at="2022-02-15T03:20:47 VLAT">
          <reporter-output>
          </reporter-output>
        </test-method> <!-- create_customPattern_2 -->
        <test-method status="PASS" signature="create_nullDateTime()[pri:0, instance:com.github.viise.zhurnal.tml.TmlDateTimeTest@6f798482]" name="create_nullDateTime" duration-ms="0" started-at="2022-02-15T03:20:47 VLAT" finished-at="2022-02-15T03:20:47 VLAT">
          <reporter-output>
          </reporter-output>
        </test-method> <!-- create_nullDateTime -->
        <test-method status="PASS" signature="create_customDateTime()[pri:0, instance:com.github.viise.zhurnal.tml.TmlDateTimeTest@6f798482]" name="create_customDateTime" duration-ms="0" started-at="2022-02-15T03:20:47 VLAT" finished-at="2022-02-15T03:20:47 VLAT">
          <reporter-output>
          </reporter-output>
        </test-method> <!-- create_customDateTime -->
      </class> <!-- com.github.viise.zhurnal.tml.TmlDateTimeTest -->
      <class name="com.github.viise.zhurnal.tml.TmlWarnTest">
        <test-method status="PASS" signature="create()[pri:0, instance:com.github.viise.zhurnal.tml.TmlWarnTest@31e130bf]" name="create" duration-ms="0" started-at="2022-02-15T03:20:47 VLAT" finished-at="2022-02-15T03:20:47 VLAT">
          <reporter-output>
          </reporter-output>
        </test-method> <!-- create -->
      </class> <!-- com.github.viise.zhurnal.tml.TmlWarnTest -->
      <class name="com.github.viise.zhurnal.tml.TmlThreadTest">
        <test-method status="PASS" signature="create()[pri:0, instance:com.github.viise.zhurnal.tml.TmlThreadTest@28ee7bee]" name="create" duration-ms="1" started-at="2022-02-15T03:20:47 VLAT" finished-at="2022-02-15T03:20:47 VLAT">
          <reporter-output>
          </reporter-output>
        </test-method> <!-- create -->
        <test-method status="PASS" signature="create_nullThread()[pri:0, instance:com.github.viise.zhurnal.tml.TmlThreadTest@28ee7bee]" name="create_nullThread" duration-ms="0" started-at="2022-02-15T03:20:47 VLAT" finished-at="2022-02-15T03:20:47 VLAT">
          <reporter-output>
          </reporter-output>
        </test-method> <!-- create_nullThread -->
        <test-method status="PASS" signature="create_thread()[pri:0, instance:com.github.viise.zhurnal.tml.TmlThreadTest@28ee7bee]" name="create_thread" duration-ms="0" started-at="2022-02-15T03:20:47 VLAT" finished-at="2022-02-15T03:20:47 VLAT">
          <reporter-output>
          </reporter-output>
        </test-method> <!-- create_thread -->
      </class> <!-- com.github.viise.zhurnal.tml.TmlThreadTest -->
    </test> <!-- TemplateTest -->
  </suite> <!-- Template -->
</testng-results>
