<?xml version="1.0" encoding="UTF-8"?>
<testsuite xmlns:xsi="http://www.w3.org/2001/XMLSchema-instance" xsi:noNamespaceSchemaLocation="https://maven.apache.org/surefire/maven-surefire-plugin/xsd/surefire-test-report-3.0.xsd" version="3.0" name="TestSuite" time="0.603" tests="189" errors="0" skipped="0" failures="0">
  <properties>
[...]
</properties>
  <testcase name="print_ctor_1" classname="com.github.viise.zhurnal.lg.LgBasicTest" time="0.023">
    <system-err><![CDATA[SLF4J: Failed to load class "org.slf4j.impl.StaticLoggerBinder".
SLF4J: Defaulting to no-operation (NOP) logger implementation
SLF4J: See http://www.slf4j.org/codes.html#StaticLoggerBinder for further details.
]]></system-err>
  </testcase>
  <testcase name="print_ctor_10" classname="com.github.viise.zhurnal.lg.LgBasicTest" time="0"/>
  <testcase name="print_ctor_11" classname="com.github.viise.zhurnal.lg.LgBasicTest" time="0"/>
  <testcase name="print_ctor_12" classname="com.github.viise.zhurnal.lg.LgBasicTest" time="0"/>
  <testcase name="print_ctor_13" classname="com.github.viise.zhurnal.lg.LgBasicTest" time="0"/>
  <testcase name="print_ctor_14" classname="com.github.viise.zhurnal.lg.LgBasicTest" time="0"/>
  <testcase name="print_ctor_15" classname="com.github.viise.zhurnal.lg.LgBasicTest" time="0"/>
  <testcase name="print_ctor_16" classname="com.github.viise.zhurnal.lg.LgBasicTest" time="0.001"/>
  <testcase name="print_ctor_17" classname="com.github.viise.zhurnal.lg.LgBasicTest" time="0.001"/>
  <testcase name="print_ctor_18" classname="com.github.viise.zhurnal.lg.LgBasicTest" time="0"/>
  <testcase name="print_ctor_19" classname="com.github.viise.zhurnal.lg.LgBasicTest" time="0.001"/>
  <testcase name="print_ctor_1_fullName" classname="com.github.viise.zhurnal.lg.LgBasicTest" time="0"/>
  <testcase name="print_ctor_2" classname="com.github.viise.zhurnal.lg.LgBasicTest" time="0.001"/>
  <testcase name="print_ctor_20" classname="com.github.viise.zhurnal.lg.LgBasicTest" time="0"/>
  <testcase name="print_ctor_21" classname="com.github.viise.zhurnal.lg.LgBasicTest" time="0"/>
  <testcase name="print_ctor_22" classname="com.github.viise.zhurnal.lg.LgBasicTest" time="0"/>
  <testcase name="print_ctor_3" classname="com.github.viise.zhurnal.lg.LgBasicTest" time="0"/>
  <testcase name="print_ctor_4" classname="com.github.viise.zhurnal.lg.LgBasicTest" time="0.001"/>
  <testcase name="print_ctor_5" classname="com.github.viise.zhurnal.lg.LgBasicTest" time="0"/>
  <testcase name="print_ctor_6" classname="com.github.viise.zhurnal.lg.LgBasicTest" time="0"/>
  <testcase name="print_ctor_7" classname="com.github.viise.zhurnal.lg.LgBasicTest" time="0.001"/>
  <testcase name="print_ctor_8" classname="com.github.viise.zhurnal.lg.LgBasicTest" time="0"/>
  <testcase name="print_ctor_9" classname="com.github.viise.zhurnal.lg.LgBasicTest" time="0"/>
  <testcase name="print" classname="com.github.viise.zhurnal.lg.LgConsoleTest" time="0.001">
    <system-out><![CDATA[[INFO] [2022-02-15T03:20:47.524] [LgInfo] [MESSAGE Hello, log!]
]]></system-out>
  </testcase>
  <testcase name="print" classname="com.github.viise.zhurnal.lg.LgDebugTest" time="0.002"/>
  <testcase name="print_ctor_1" classname="com.github.viise.zhurnal.lg.LgDebugTest" time="0.001"/>
  <testcase name="print_ctor_10" classname="com.github.viise.zhurnal.lg.LgDebugTest" time="0"/>
  <testcase name="print_ctor_11" classname="com.github.viise.zhurnal.lg.LgDebugTest" time="0"/>
  <testcase name="print_ctor_12" classname="com.github.viise.zhurnal.lg.LgDebugTest" time="0.001"/>
  <testcase name="print_ctor_13" classname="com.github.viise.zhurnal.lg.LgDebugTest" time="0"/>
  <testcase name="print_ctor_14" classname="com.github.viise.zhurnal.lg.LgDebugTest" time="0"/>
  <testcase name="print_ctor_15" classname="com.github.viise.zhurnal.lg.LgDebugTest" time="0.001"/>
  <testcase name="print_ctor_16" classname="com.github.viise.zhurnal.lg.LgDebugTest" time="0"/>
  <testcase name="print_ctor_17" classname="com.github.viise.zhurnal.lg.LgDebugTest" time="0"/>
  <testcase name="print_ctor_18" classname="com.github.viise.zhurnal.lg.LgDebugTest" time="0.001"/>
  <testcase name="print_ctor_19" classname="com.github.viise.zhurnal.lg.LgDebugTest" time="0"/>
  <testcase name="print_ctor_1_fullName" classname="com.github.viise.zhurnal.lg.LgDebugTest" time="0"/>
  <testcase name="print_ctor_2" classname="com.github.viise.zhurnal.lg.LgDebugTest" time="0"/>
  <testcase name="print_ctor_20" classname="com.github.viise.zhurnal.lg.LgDebugTest" time="0"/>
  <testcase name="print_ctor_21" classname="com.github.viise.zhurnal.lg.LgDebugTest" time="0"/>
  <testcase name="print_ctor_22" classname="com.github.viise.zhurnal.lg.LgDebugTest" time="0"/>
  <testcase name="print_ctor_3" classname="com.github.viise.zhurnal.lg.LgDebugTest" time="0"/>
  <testcase name="print_ctor_4" classname="com.github.viise.zhurnal.lg.LgDebugTest" time="0.001"/>
  <testcase name="print_ctor_5" classname="com.github.viise.zhurnal.lg.LgDebugTest" time="0"/>
  <testcase name="print_ctor_6" classname="com.github.viise.zhurnal.lg.LgDebugTest" time="0.001"/>
  <testcase name="print_ctor_7" classname="com.github.viise.zhurnal.lg.LgDebugTest" time="0.001"/>
  <testcase name="print_ctor_8" classname="com.github.viise.zhurnal.lg.LgDebugTest" time="0"/>
  <testcase name="print_ctor_9" classname="com.github.viise.zhurnal.lg.LgDebugTest" time="0.001"/>
  <testcase name="print" classname="com.github.viise.zhurnal.lg.LgErrorTest" time="0.001"/>
  <testcase name="print_ctor_1" classname="com.github.viise.zhurnal.lg.LgErrorTest" time="0.001"/>
  <testcase name="print_ctor_10" classname="com.github.viise.zhurnal.lg.LgErrorTest" time="0"/>
  <testcase name="print_ctor_11" classname="com.github.viise.zhurnal.lg.LgErrorTest" time="0"/>
  <testcase name="print_ctor_12" classname="com.github.viise.zhurnal.lg.LgErrorTest" time="0"/>
  <testcase name="print_ctor_13" classname="com.github.viise.zhurnal.lg.LgErrorTest" time="0"/>
  <testcase name="print_ctor_14" classname="com.github.viise.zhurnal.lg.LgErrorTest" time="0"/>
  <testcase name="print_ctor_15" classname="com.github.viise.zhurnal.lg.LgErrorTest" time="0"/>
  <testcase name="print_ctor_16" classname="com.github.viise.zhurnal.lg.LgErrorTest" time="0"/>
  <testcase name="print_ctor_17" classname="com.github.viise.zhurnal.lg.LgErrorTest" time="0"/>
  <testcase name="print_ctor_18" classname="com.github.viise.zhurnal.lg.LgErrorTest" time="0"/>
  <testcase name="print_ctor_19" classname="com.github.viise.zhurnal.lg.LgErrorTest" time="0"/>
  <testcase name="print_ctor_1_fullName" classname="com.github.viise.zhurnal.lg.LgErrorTest" time="0.001"/>
  <testcase name="print_ctor_2" classname="com.github.viise.zhurnal.lg.LgErrorTest" time="0"/>
  <testcase name="print_ctor_20" classname="com.github.viise.zhurnal.lg.LgErrorTest" time="0"/>
  <testcase name="print_ctor_21" classname="com.github.viise.zhurnal.lg.LgErrorTest" time="0"/>
  <testcase name="print_ctor_22" classname="com.github.viise.zhurnal.lg.LgErrorTest" time="0"/>
  <testcase name="print_ctor_3" classname="com.github.viise.zhurnal.lg.LgErrorTest" time="0"/>
  <testcase name="print_ctor_4" classname="com.github.viise.zhurnal.lg.LgErrorTest" time="0"/>
  <testcase name="print_ctor_5" classname="com.github.viise.zhurnal.lg.LgErrorTest" time="0.001"/>
  <testcase name="print_ctor_6" classname="com.github.viise.zhurnal.lg.LgErrorTest" time="0"/>
  <testcase name="print_ctor_7" classname="com.github.viise.zhurnal.lg.LgErrorTest" time="0.001"/>
  <testcase name="print_ctor_8" classname="com.github.viise.zhurnal.lg.LgErrorTest" time="0"/>
  <testcase name="print_ctor_9" classname="com.github.viise.zhurnal.lg.LgErrorTest" time="0"/>
  <testcase name="print" classname="com.github.viise.zhurnal.lg.LgFileTest" time="0.004"/>
  <testcase name="print" classname="com.github.viise.zhurnal.lg.LgInfoTest" time="0"/>
  <testcase name="print_ctor_1" classname="com.github.viise.zhurnal.lg.LgInfoTest" time="0"/>
  <testcase name="print_ctor_10" classname="com.github.viise.zhurnal.lg.LgInfoTest" time="0"/>
  <testcase name="print_ctor_11" classname="com.github.viise.zhurnal.lg.LgInfoTest" time="0"/>
  <testcase name="print_ctor_12" classname="com.github.viise.zhurnal.lg.LgInfoTest" time="0"/>
  <testcase name="print_ctor_13" classname="com.github.viise.zhurnal.lg.LgInfoTest" time="0"/>
  <testcase name="print_ctor_14" classname="com.github.viise.zhurnal.lg.LgInfoTest" time="0"/>
  <testcase name="print_ctor_15" classname="com.github.viise.zhurnal.lg.LgInfoTest" time="0"/>
  <testcase name="print_ctor_16" classname="com.github.viise.zhurnal.lg.LgInfoTest" time="0"/>
  <testcase name="print_ctor_17" classname="com.github.viise.zhurnal.lg.LgInfoTest" time="0"/>
  <testcase name="print_ctor_18" classname="com.github.viise.zhurnal.lg.LgInfoTest" time="0"/>
  <testcase name="print_ctor_19" classname="com.github.viise.zhurnal.lg.LgInfoTest" time="0"/>
  <testcase name="print_ctor_1_fullName" classname="com.github.viise.zhurnal.lg.LgInfoTest" time="0"/>
  <testcase name="print_ctor_2" classname="com.github.viise.zhurnal.lg.LgInfoTest" time="0.001"/>
  <testcase name="print_ctor_20" classname="com.github.viise.zhurnal.lg.LgInfoTest" time="0"/>
  <testcase name="print_ctor_21" classname="com.github.viise.zhurnal.lg.LgInfoTest" time="0"/>
  <testcase name="print_ctor_22" classname="com.github.viise.zhurnal.lg.LgInfoTest" time="0"/>
  <testcase name="print_ctor_3" classname="com.github.viise.zhurnal.lg.LgInfoTest" time="0.001"/>
  <testcase name="print_ctor_4" classname="com.github.viise.zhurnal.lg.LgInfoTest" time="0"/>
  <testcase name="print_ctor_5" classname="com.github.viise.zhurnal.lg.LgInfoTest" time="0.001"/>
  <testcase name="print_ctor_6" classname="com.github.viise.zhurnal.lg.LgInfoTest" time="0"/>
  <testcase name="print_ctor_7" classname="com.github.viise.zhurnal.lg.LgInfoTest" time="0"/>
  <testcase name="print_ctor_8" classname="com.github.viise.zhurnal.lg.LgInfoTest" time="0.001"/>
  <testcase name="print_ctor_9" classname="com.github.viise.zhurnal.lg.LgInfoTest" time="0"/>
  <testcase name="print" classname="com.github.viise.zhurnal.lg.LgTraceTest" time="0.001"/>
  <testcase name="print_ctor_1" classname="com.github.viise.zhurnal.lg.LgTraceTest" time="0"/>
  <testcase name="print_ctor_10" classname="com.github.viise.zhurnal.lg.LgTraceTest" time="0"/>
  <testcase name="print_ctor_11" classname="com.github.viise.zhurnal.lg.LgTraceTest" time="0"/>
  <testcase name="print_ctor_12" classname="com.github.viise.zhurnal.lg.LgTraceTest" time="0.002"/>
  <testcase name="print_ctor_13" classname="com.github.viise.zhurnal.lg.LgTraceTest" time="0"/>
  <testcase name="print_ctor_14" classname="com.github.viise.zhurnal.lg.LgTraceTest" time="0"/>
  <testcase name="print_ctor_15" classname="com.github.viise.zhurnal.lg.LgTraceTest" time="0.001"/>
  <testcase name="print_ctor_16" classname="com.github.viise.zhurnal.lg.LgTraceTest" time="0"/>
  <testcase name="print_ctor_17" classname="com.github.viise.zhurnal.lg.LgTraceTest" time="0.001"/>
  <testcase name="print_ctor_18" classname="com.github.viise.zhurnal.lg.LgTraceTest" time="0"/>
  <testcase name="print_ctor_19" classname="com.github.viise.zhurnal.lg.LgTraceTest" time="0"/>
  <testcase name="print_ctor_1_fullName" classname="com.github.viise.zhurnal.lg.LgTraceTest" time="0.001"/>
  <testcase name="print_ctor_2" classname="com.github.viise.zhurnal.lg.LgTraceTest" time="0"/>
  <testcase name="print_ctor_20" classname="com.github.viise.zhurnal.lg.LgTraceTest" time="0"/>
  <testcase name="print_ctor_21" classname="com.github.viise.zhurnal.lg.LgTraceTest" time="0"/>
  <testcase name="print_ctor_22" classname="com.github.viise.zhurnal.lg.LgTraceTest" time="0.001"/>
  <testcase name="print_ctor_3" classname="com.github.viise.zhurnal.lg.LgTraceTest" time="0"/>
  <testcase name="print_ctor_4" classname="com.github.viise.zhurnal.lg.LgTraceTest" time="0"/>
  <testcase name="print_ctor_5" classname="com.github.viise.zhurnal.lg.LgTraceTest" time="0.001"/>
  <testcase name="print_ctor_6" classname="com.github.viise.zhurnal.lg.LgTraceTest" time="0"/>
  <testcase name="print_ctor_7" classname="com.github.viise.zhurnal.lg.LgTraceTest" time="0"/>
  <testcase name="print_ctor_8" classname="com.github.viise.zhurnal.lg.LgTraceTest" time="0"/>
  <testcase name="print_ctor_9" classname="com.github.viise.zhurnal.lg.LgTraceTest" time="0"/>
  <testcase name="print" classname="com.github.viise.zhurnal.lg.LgWarnTest" time="0.001"/>
  <testcase name="print_ctor_1" classname="com.github.viise.zhurnal.lg.LgWarnTest" time="0.001"/>
  <testcase name="print_ctor_10" classname="com.github.viise.zhurnal.lg.LgWarnTest" time="0"/>
  <testcase name="print_ctor_11" classname="com.github.viise.zhurnal.lg.LgWarnTest" time="0"/>
  <testcase name="print_ctor_12" classname="com.github.viise.zhurnal.lg.LgWarnTest" time="0"/>
  <testcase name="print_ctor_13" classname="com.github.viise.zhurnal.lg.LgWarnTest" time="0"/>
  <testcase name="print_ctor_14" classname="com.github.viise.zhurnal.lg.LgWarnTest" time="0"/>
  <testcase name="print_ctor_15" classname="com.github.viise.zhurnal.lg.LgWarnTest" time="0"/>
  <testcase name="print_ctor_16" classname="com.github.viise.zhurnal.lg.LgWarnTest" time="0.001"/>
  <testcase name="print_ctor_17" classname="com.github.viise.zhurnal.lg.LgWarnTest" time="0"/>
  <testcase name="print_ctor_18" classname="com.github.viise.zhurnal.lg.LgWarnTest" time="0"/>
  <testcase name="print_ctor_19" classname="com.github.viise.zhurnal.lg.LgWarnTest" time="0.001"/>
  <testcase name="print_ctor_1_fullName" classname="com.github.viise.zhurnal.lg.LgWarnTest" time="0"/>
  <testcase name="print_ctor_2" classname="com.github.viise.zhurnal.lg.LgWarnTest" time="0"/>
  <testcase name="print_ctor_20" classname="com.github.viise.zhurnal.lg.LgWarnTest" time="0"/>
  <testcase name="print_ctor_21" classname="com.github.viise.zhurnal.lg.LgWarnTest" time="0"/>
  <testcase name="print_ctor_22" classname="com.github.viise.zhurnal.lg.LgWarnTest" time="0"/>
  <testcase name="print_ctor_3" classname="com.github.viise.zhurnal.lg.LgWarnTest" time="0"/>
  <testcase name="print_ctor_4" classname="com.github.viise.zhurnal.lg.LgWarnTest" time="0"/>
  <testcase name="print_ctor_5" classname="com.github.viise.zhurnal.lg.LgWarnTest" time="0"/>
  <testcase name="print_ctor_6" classname="com.github.viise.zhurnal.lg.LgWarnTest" time="0"/>
  <testcase name="print_ctor_7" classname="com.github.viise.zhurnal.lg.LgWarnTest" time="0"/>
  <testcase name="print_ctor_8" classname="com.github.viise.zhurnal.lg.LgWarnTest" time="0"/>
  <testcase name="print_ctor_9" classname="com.github.viise.zhurnal.lg.LgWarnTest" time="0"/>
  <testcase name="create" classname="com.github.viise.zhurnal.tml.TmlBasicTest" time="0.001"/>
  <testcase name="create_null" classname="com.github.viise.zhurnal.tml.TmlBasicTest" time="0"/>
  <testcase name="create" classname="com.github.viise.zhurnal.tml.TmlChildTest" time="0.001"/>
  <testcase name="create_nullName" classname="com.github.viise.zhurnal.tml.TmlChildTest" time="0"/>
  <testcase name="create_nullValue" classname="com.github.viise.zhurnal.tml.TmlChildTest" time="0"/>
  <testcase name="create" classname="com.github.viise.zhurnal.tml.TmlClassTest" time="0"/>
  <testcase name="create_nullClass" classname="com.github.viise.zhurnal.tml.TmlClassTest" time="0"/>
  <testcase name="create_simpleName" classname="com.github.viise.zhurnal.tml.TmlClassTest" time="0"/>
  <testcase name="create" classname="com.github.viise.zhurnal.tml.TmlDateTimeTest" time="0"/>
  <testcase name="create_customDateTime" classname="com.github.viise.zhurnal.tml.TmlDateTimeTest" time="0"/>
  <testcase name="create_customPattern" classname="com.github.viise.zhurnal.tml.TmlDateTimeTest" time="0"/>
  <testcase name="create_customPattern_2" classname="com.github.viise.zhurnal.tml.TmlDateTimeTest" time="0"/>
  <testcase name="create_nullDateTime" classname="com.github.viise.zhurnal.tml.TmlDateTimeTest" time="0"/>
  <testcase name="create" classname="com.github.viise.zhurnal.tml.TmlDebugTest" time="0"/>
  <testcase name="create" classname="com.github.viise.zhurnal.tml.TmlDurationTest" time="0"/>
  <testcase name="create_customUnit" classname="com.github.viise.zhurnal.tml.TmlDurationTest" time="0"/>
  <testcase name="create_nullDuration" classname="com.github.viise.zhurnal.tml.TmlDurationTest" time="0"/>
  <testcase name="create_nullUnit" classname="com.github.viise.zhurnal.tml.TmlDurationTest" time="0"/>
  <testcase name="create" classname="com.github.viise.zhurnal.tml.TmlErrorTest" time="0"/>
  <testcase name="create" classname="com.github.viise.zhurnal.tml.TmlHttpTest" time="0"/>
  <testcase name="create_nullEndpoint" classname="com.github.viise.zhurnal.tml.TmlHttpTest" time="0.001"/>
  <testcase name="create_nullMethod" classname="com.github.viise.zhurnal.tml.TmlHttpTest" time="0"/>
  <testcase name="create_nullStatus" classname="com.github.viise.zhurnal.tml.TmlHttpTest" time="0"/>
  <testcase name="create" classname="com.github.viise.zhurnal.tml.TmlInfoTest" time="0"/>
  <testcase name="create" classname="com.github.viise.zhurnal.tml.TmlMsgTest" time="0"/>
  <testcase name="create_list" classname="com.github.viise.zhurnal.tml.TmlMsgTest" time="0"/>
  <testcase name="create_nullMsg" classname="com.github.viise.zhurnal.tml.TmlMsgTest" time="0"/>
  <testcase name="create_nullParams" classname="com.github.viise.zhurnal.tml.TmlMsgTest" time="0"/>
  <testcase name="create_tooManyParams" classname="com.github.viise.zhurnal.tml.TmlMsgTest" time="0"/>
  <testcase name="create_tooManyTemplates" classname="com.github.viise.zhurnal.tml.TmlMsgTest" time="0"/>
  <testcase name="create_withoutParams" classname="com.github.viise.zhurnal.tml.TmlMsgTest" time="0"/>
  <testcase name="create" classname="com.github.viise.zhurnal.tml.TmlRootTest" time="0"/>
  <testcase name="create_list" classname="com.github.viise.zhurnal.tml.TmlRootTest" time="0.001"/>
  <testcase name="create_nullName" classname="com.github.viise.zhurnal.tml.TmlRootTest" time="0"/>
  <testcase name="create_nullParams" classname="com.github.viise.zhurnal.tml.TmlRootTest" time="0"/>
  <testcase name="create_withoutChildren" classname="com.github.viise.zhurnal.tml.TmlRootTest" time="0"/>
  <testcase name="create" classname="com.github.viise.zhurnal.tml.TmlSqlTest" time="0.001"/>
  <testcase name="create_allNull" classname="com.github.viise.zhurnal.tml.TmlSqlTest" time="0"/>
  <testcase name="create_fromException" classname="com.github.viise.zhurnal.tml.TmlSqlTest" time="0.001"/>
  <testcase name="create" classname="com.github.viise.zhurnal.tml.TmlThreadTest" time="0"/>
  <testcase name="create_nullThread" classname="com.github.viise.zhurnal.tml.TmlThreadTest" time="0"/>
  <testcase name="create_thread" classname="com.github.viise.zhurnal.tml.TmlThreadTest" time="0.001"/>
  <testcase name="create" classname="com.github.viise.zhurnal.tml.TmlTraceTest" time="0"/>
  <testcase name="create" classname="com.github.viise.zhurnal.tml.TmlWarnTest" time="0"/>
</testsuite>